2023-11-09 09:34:59.465 [INFO] org.springframework.data.repository.config.RepositoryConfigurationDelegate [main] Bootstrapping Spring Data JPA repositories in DEFAULT mode.
2023-11-09 09:34:59.589 [INFO] org.springframework.data.repository.config.RepositoryConfigurationDelegate [main] Finished Spring Data repository scanning in 95 ms. Found 1 JPA repository interfaces.
2023-11-09 09:35:00.294 [INFO] org.hibernate.jpa.internal.util.LogHelper [main] HHH000204: Processing PersistenceUnitInfo [name: default]
2023-11-09 09:35:00.413 [INFO] org.hibernate.Version [main] HHH000412: Hibernate ORM core version 6.3.1.Final
2023-11-09 09:35:00.479 [INFO] org.hibernate.cache.internal.RegionFactoryInitiator [main] HHH000026: Second-level cache disabled
2023-11-09 09:35:00.955 [INFO] org.springframework.orm.jpa.persistenceunit.SpringPersistenceUnitInfo [main] No LoadTimeWeaver setup: ignoring JPA class transformer
2023-11-09 09:35:01.015 [INFO] com.zaxxer.hikari.HikariDataSource [main] HikariPool-1 - Starting...
2023-11-09 09:35:01.551 [INFO] com.zaxxer.hikari.pool.HikariPool [main] HikariPool-1 - Added connection com.mysql.cj.jdbc.ConnectionImpl@4fa8bebb
2023-11-09 09:35:01.556 [INFO] com.zaxxer.hikari.HikariDataSource [main] HikariPool-1 - Start completed.
2023-11-09 09:35:03.132 [INFO] org.hibernate.engine.transaction.jta.platform.internal.JtaPlatformInitiator [main] HHH000489: No JTA platform available (set 'hibernate.transaction.jta.platform' to enable JTA platform integration)
2023-11-09 09:35:03.195 [INFO] org.springframework.orm.jpa.LocalContainerEntityManagerFactoryBean [main] Initialized JPA EntityManagerFactory for persistence unit 'default'
2023-11-09 09:35:03.782 [WARN] org.springframework.boot.autoconfigure.orm.jpa.JpaBaseConfiguration$JpaWebConfiguration [main] spring.jpa.open-in-view is enabled by default. Therefore, database queries may be performed during view rendering. Explicitly configure spring.jpa.open-in-view to disable this warning
2023-11-09 09:35:05.410 [INFO] org.springframework.orm.jpa.LocalContainerEntityManagerFactoryBean [SpringApplicationShutdownHook] Closing JPA EntityManagerFactory for persistence unit 'default'
2023-11-09 09:35:05.415 [INFO] com.zaxxer.hikari.HikariDataSource [SpringApplicationShutdownHook] HikariPool-1 - Shutdown initiated...
2023-11-09 09:35:05.436 [INFO] com.zaxxer.hikari.HikariDataSource [SpringApplicationShutdownHook] HikariPool-1 - Shutdown completed.
2023-11-09 10:00:00.890 [INFO] com.hexaware.restapi.restcontroller.ProductRestControllerTest [main] Starting ProductRestControllerTest using Java 17.0.8.1 with PID 8816 (started by Admin in D:\Java_WorkSpace\product_rest_api)
2023-11-09 10:00:00.893 [INFO] com.hexaware.restapi.restcontroller.ProductRestControllerTest [main] No active profile set, falling back to 1 default profile: "default"
2023-11-09 10:00:01.796 [INFO] org.springframework.data.repository.config.RepositoryConfigurationDelegate [main] Bootstrapping Spring Data JPA repositories in DEFAULT mode.
2023-11-09 10:00:01.882 [INFO] org.springframework.data.repository.config.RepositoryConfigurationDelegate [main] Finished Spring Data repository scanning in 72 ms. Found 1 JPA repository interfaces.
2023-11-09 10:00:02.564 [INFO] org.hibernate.jpa.internal.util.LogHelper [main] HHH000204: Processing PersistenceUnitInfo [name: default]
2023-11-09 10:00:02.662 [INFO] org.hibernate.Version [main] HHH000412: Hibernate ORM core version 6.3.1.Final
2023-11-09 10:00:02.731 [INFO] org.hibernate.cache.internal.RegionFactoryInitiator [main] HHH000026: Second-level cache disabled
2023-11-09 10:00:03.123 [INFO] org.springframework.orm.jpa.persistenceunit.SpringPersistenceUnitInfo [main] No LoadTimeWeaver setup: ignoring JPA class transformer
2023-11-09 10:00:03.176 [INFO] com.zaxxer.hikari.HikariDataSource [main] HikariPool-1 - Starting...
2023-11-09 10:00:03.642 [INFO] com.zaxxer.hikari.pool.HikariPool [main] HikariPool-1 - Added connection com.mysql.cj.jdbc.ConnectionImpl@11574592
2023-11-09 10:00:03.645 [INFO] com.zaxxer.hikari.HikariDataSource [main] HikariPool-1 - Start completed.
2023-11-09 10:00:04.848 [INFO] org.hibernate.engine.transaction.jta.platform.internal.JtaPlatformInitiator [main] HHH000489: No JTA platform available (set 'hibernate.transaction.jta.platform' to enable JTA platform integration)
2023-11-09 10:00:04.896 [INFO] org.springframework.orm.jpa.LocalContainerEntityManagerFactoryBean [main] Initialized JPA EntityManagerFactory for persistence unit 'default'
2023-11-09 10:00:05.483 [WARN] org.springframework.boot.autoconfigure.orm.jpa.JpaBaseConfiguration$JpaWebConfiguration [main] spring.jpa.open-in-view is enabled by default. Therefore, database queries may be performed during view rendering. Explicitly configure spring.jpa.open-in-view to disable this warning
2023-11-09 10:00:06.016 [INFO] com.hexaware.restapi.restcontroller.ProductRestControllerTest [main] Started ProductRestControllerTest in 5.597 seconds (process running for 6.888)
2023-11-09 10:00:06.934 [INFO] org.springframework.orm.jpa.LocalContainerEntityManagerFactoryBean [SpringApplicationShutdownHook] Closing JPA EntityManagerFactory for persistence unit 'default'
2023-11-09 10:00:06.937 [INFO] com.zaxxer.hikari.HikariDataSource [SpringApplicationShutdownHook] HikariPool-1 - Shutdown initiated...
2023-11-09 10:00:06.945 [INFO] com.zaxxer.hikari.HikariDataSource [SpringApplicationShutdownHook] HikariPool-1 - Shutdown completed.
[32m2023-11-09 10:01:42.658[0;39m [INFO] com.hexaware.restapi.ProductRestApiApplication [main] Starting ProductRestApiApplication using Java 17.0.8.1 with PID 2576 (D:\Java_WorkSpace\product_rest_api\target\classes started by Admin in D:\Java_WorkSpace\product_rest_api)
[32m2023-11-09 10:01:42.662[0;39m [INFO] com.hexaware.restapi.ProductRestApiApplication [main] No active profile set, falling back to 1 default profile: "default"
[32m2023-11-09 10:01:44.012[0;39m [INFO] org.springframework.data.repository.config.RepositoryConfigurationDelegate [main] Bootstrapping Spring Data JPA repositories in DEFAULT mode.
[32m2023-11-09 10:01:44.160[0;39m [INFO] org.springframework.data.repository.config.RepositoryConfigurationDelegate [main] Finished Spring Data repository scanning in 126 ms. Found 1 JPA repository interfaces.
[32m2023-11-09 10:01:45.564[0;39m [INFO] org.springframework.boot.web.embedded.tomcat.TomcatWebServer [main] Tomcat initialized with port 8282 (http)
[32m2023-11-09 10:01:45.591[0;39m [INFO] org.apache.catalina.core.StandardService [main] Starting service [Tomcat]
[32m2023-11-09 10:01:45.593[0;39m [INFO] org.apache.catalina.core.StandardEngine [main] Starting Servlet engine: [Apache Tomcat/10.1.15]
[32m2023-11-09 10:01:45.783[0;39m [INFO] org.apache.catalina.core.ContainerBase.[Tomcat].[localhost].[/] [main] Initializing Spring embedded WebApplicationContext
[32m2023-11-09 10:01:45.784[0;39m [INFO] org.springframework.boot.web.servlet.context.ServletWebServerApplicationContext [main] Root WebApplicationContext: initialization completed in 3032 ms
[32m2023-11-09 10:01:46.274[0;39m [INFO] org.hibernate.jpa.internal.util.LogHelper [main] HHH000204: Processing PersistenceUnitInfo [name: default]
[32m2023-11-09 10:01:46.471[0;39m [INFO] org.hibernate.Version [main] HHH000412: Hibernate ORM core version 6.3.1.Final
[32m2023-11-09 10:01:46.609[0;39m [INFO] org.hibernate.cache.internal.RegionFactoryInitiator [main] HHH000026: Second-level cache disabled
[32m2023-11-09 10:01:47.520[0;39m [INFO] org.springframework.orm.jpa.persistenceunit.SpringPersistenceUnitInfo [main] No LoadTimeWeaver setup: ignoring JPA class transformer
[32m2023-11-09 10:01:47.605[0;39m [INFO] com.zaxxer.hikari.HikariDataSource [main] HikariPool-1 - Starting...
[32m2023-11-09 10:01:48.632[0;39m [INFO] com.zaxxer.hikari.pool.HikariPool [main] HikariPool-1 - Added connection com.mysql.cj.jdbc.ConnectionImpl@63326a3a
[32m2023-11-09 10:01:48.637[0;39m [INFO] com.zaxxer.hikari.HikariDataSource [main] HikariPool-1 - Start completed.
[32m2023-11-09 10:01:51.386[0;39m [INFO] org.hibernate.engine.transaction.jta.platform.internal.JtaPlatformInitiator [main] HHH000489: No JTA platform available (set 'hibernate.transaction.jta.platform' to enable JTA platform integration)
[32m2023-11-09 10:01:51.528[0;39m [INFO] org.springframework.orm.jpa.LocalContainerEntityManagerFactoryBean [main] Initialized JPA EntityManagerFactory for persistence unit 'default'
[32m2023-11-09 10:01:52.292[0;39m [WARN] org.springframework.boot.autoconfigure.orm.jpa.JpaBaseConfiguration$JpaWebConfiguration [main] spring.jpa.open-in-view is enabled by default. Therefore, database queries may be performed during view rendering. Explicitly configure spring.jpa.open-in-view to disable this warning
[32m2023-11-09 10:01:53.154[0;39m [INFO] org.springframework.boot.web.embedded.tomcat.TomcatWebServer [main] Tomcat started on port 8282 (http) with context path ''
[32m2023-11-09 10:01:53.176[0;39m [INFO] com.hexaware.restapi.ProductRestApiApplication [main] Started ProductRestApiApplication in 11.055 seconds (process running for 11.804)
2023-11-09 10:02:36.181 [INFO] com.hexaware.restapi.restcontroller.ProductRestControllerTest [main] Starting ProductRestControllerTest using Java 17.0.8.1 with PID 10136 (started by Admin in D:\Java_WorkSpace\product_rest_api)
2023-11-09 10:02:36.190 [INFO] com.hexaware.restapi.restcontroller.ProductRestControllerTest [main] No active profile set, falling back to 1 default profile: "default"
2023-11-09 10:02:39.161 [INFO] org.springframework.data.repository.config.RepositoryConfigurationDelegate [main] Bootstrapping Spring Data JPA repositories in DEFAULT mode.
2023-11-09 10:02:39.419 [INFO] org.springframework.data.repository.config.RepositoryConfigurationDelegate [main] Finished Spring Data repository scanning in 225 ms. Found 1 JPA repository interfaces.
2023-11-09 10:02:41.783 [INFO] org.hibernate.jpa.internal.util.LogHelper [main] HHH000204: Processing PersistenceUnitInfo [name: default]
2023-11-09 10:02:42.051 [INFO] org.hibernate.Version [main] HHH000412: Hibernate ORM core version 6.3.1.Final
2023-11-09 10:02:42.240 [INFO] org.hibernate.cache.internal.RegionFactoryInitiator [main] HHH000026: Second-level cache disabled
2023-11-09 10:02:43.343 [INFO] org.springframework.orm.jpa.persistenceunit.SpringPersistenceUnitInfo [main] No LoadTimeWeaver setup: ignoring JPA class transformer
2023-11-09 10:02:43.481 [INFO] com.zaxxer.hikari.HikariDataSource [main] HikariPool-1 - Starting...
2023-11-09 10:02:44.792 [INFO] com.zaxxer.hikari.pool.HikariPool [main] HikariPool-1 - Added connection com.mysql.cj.jdbc.ConnectionImpl@23bd047f
2023-11-09 10:02:44.801 [INFO] com.zaxxer.hikari.HikariDataSource [main] HikariPool-1 - Start completed.
2023-11-09 10:02:48.359 [INFO] org.hibernate.engine.transaction.jta.platform.internal.JtaPlatformInitiator [main] HHH000489: No JTA platform available (set 'hibernate.transaction.jta.platform' to enable JTA platform integration)
2023-11-09 10:02:48.543 [INFO] org.springframework.orm.jpa.LocalContainerEntityManagerFactoryBean [main] Initialized JPA EntityManagerFactory for persistence unit 'default'
2023-11-09 10:02:50.659 [WARN] org.springframework.boot.autoconfigure.orm.jpa.JpaBaseConfiguration$JpaWebConfiguration [main] spring.jpa.open-in-view is enabled by default. Therefore, database queries may be performed during view rendering. Explicitly configure spring.jpa.open-in-view to disable this warning
2023-11-09 10:02:52.619 [INFO] com.hexaware.restapi.restcontroller.ProductRestControllerTest [main] Started ProductRestControllerTest in 18.173 seconds (process running for 21.231)
[32m2023-11-09 10:02:55.308[0;39m [INFO] org.apache.catalina.core.ContainerBase.[Tomcat].[localhost].[/] [http-nio-8282-exec-1] Initializing Spring DispatcherServlet 'dispatcherServlet'
[32m2023-11-09 10:02:55.311[0;39m [INFO] org.springframework.web.servlet.DispatcherServlet [http-nio-8282-exec-1] Initializing Servlet 'dispatcherServlet'
[32m2023-11-09 10:02:55.317[0;39m [INFO] org.springframework.web.servlet.DispatcherServlet [http-nio-8282-exec-1] Completed initialization in 4 ms
2023-11-09 10:02:56.118 [INFO] com.hexaware.restapi.restcontroller.ProductRestControllerTest [main] Product : com.hexaware.restapi.entity.Product@700596f9
2023-11-09 10:02:56.233 [INFO] org.springframework.orm.jpa.LocalContainerEntityManagerFactoryBean [SpringApplicationShutdownHook] Closing JPA EntityManagerFactory for persistence unit 'default'
2023-11-09 10:02:56.243 [INFO] com.zaxxer.hikari.HikariDataSource [SpringApplicationShutdownHook] HikariPool-1 - Shutdown initiated...
2023-11-09 10:02:56.280 [INFO] com.zaxxer.hikari.HikariDataSource [SpringApplicationShutdownHook] HikariPool-1 - Shutdown completed.
2023-11-09 10:08:34.683 [INFO] com.hexaware.restapi.restcontroller.ProductRestControllerTest [main] Starting ProductRestControllerTest using Java 17.0.8.1 with PID 2864 (started by Admin in D:\Java_WorkSpace\product_rest_api)
2023-11-09 10:08:34.686 [INFO] com.hexaware.restapi.restcontroller.ProductRestControllerTest [main] No active profile set, falling back to 1 default profile: "default"
2023-11-09 10:08:35.637 [INFO] org.springframework.data.repository.config.RepositoryConfigurationDelegate [main] Bootstrapping Spring Data JPA repositories in DEFAULT mode.
2023-11-09 10:08:35.710 [INFO] org.springframework.data.repository.config.RepositoryConfigurationDelegate [main] Finished Spring Data repository scanning in 58 ms. Found 1 JPA repository interfaces.
2023-11-09 10:08:36.399 [INFO] org.hibernate.jpa.internal.util.LogHelper [main] HHH000204: Processing PersistenceUnitInfo [name: default]
2023-11-09 10:08:36.478 [INFO] org.hibernate.Version [main] HHH000412: Hibernate ORM core version 6.3.1.Final
2023-11-09 10:08:36.540 [INFO] org.hibernate.cache.internal.RegionFactoryInitiator [main] HHH000026: Second-level cache disabled
2023-11-09 10:08:36.934 [INFO] org.springframework.orm.jpa.persistenceunit.SpringPersistenceUnitInfo [main] No LoadTimeWeaver setup: ignoring JPA class transformer
2023-11-09 10:08:36.969 [INFO] com.zaxxer.hikari.HikariDataSource [main] HikariPool-1 - Starting...
2023-11-09 10:08:37.455 [INFO] com.zaxxer.hikari.pool.HikariPool [main] HikariPool-1 - Added connection com.mysql.cj.jdbc.ConnectionImpl@23bd047f
2023-11-09 10:08:37.458 [INFO] com.zaxxer.hikari.HikariDataSource [main] HikariPool-1 - Start completed.
2023-11-09 10:08:38.664 [INFO] org.hibernate.engine.transaction.jta.platform.internal.JtaPlatformInitiator [main] HHH000489: No JTA platform available (set 'hibernate.transaction.jta.platform' to enable JTA platform integration)
2023-11-09 10:08:38.722 [INFO] org.springframework.orm.jpa.LocalContainerEntityManagerFactoryBean [main] Initialized JPA EntityManagerFactory for persistence unit 'default'
2023-11-09 10:08:39.630 [WARN] org.springframework.boot.autoconfigure.orm.jpa.JpaBaseConfiguration$JpaWebConfiguration [main] spring.jpa.open-in-view is enabled by default. Therefore, database queries may be performed during view rendering. Explicitly configure spring.jpa.open-in-view to disable this warning
2023-11-09 10:08:41.380 [INFO] com.hexaware.restapi.restcontroller.ProductRestControllerTest [main] Started ProductRestControllerTest in 7.187 seconds (process running for 8.576)
2023-11-09 10:08:45.086 [INFO] com.hexaware.restapi.restcontroller.ProductRestControllerTest [main] Product : Product [pid=1, pname=Mobile, price=9000.0]
2023-11-09 10:08:45.095 [INFO] com.hexaware.restapi.restcontroller.ProductRestControllerTest [main] 200 OK
2023-11-09 10:08:45.103 [INFO] com.hexaware.restapi.restcontroller.ProductRestControllerTest [main] Response : <200 OK OK,Product [pid=1, pname=Mobile, price=9000.0],[Content-Type:"application/json", Transfer-Encoding:"chunked", Date:"Thu, 09 Nov 2023 04:38:44 GMT", Keep-Alive:"timeout=60", Connection:"keep-alive"]>
2023-11-09 10:08:45.159 [INFO] com.hexaware.restapi.restcontroller.ProductRestControllerTest [main] Product [pid=1, pname=Mobile, price=9000.0]
2023-11-09 10:08:45.479 [INFO] org.springframework.orm.jpa.LocalContainerEntityManagerFactoryBean [SpringApplicationShutdownHook] Closing JPA EntityManagerFactory for persistence unit 'default'
2023-11-09 10:08:45.520 [INFO] com.zaxxer.hikari.HikariDataSource [SpringApplicationShutdownHook] HikariPool-1 - Shutdown initiated...
2023-11-09 10:08:45.625 [INFO] com.zaxxer.hikari.HikariDataSource [SpringApplicationShutdownHook] HikariPool-1 - Shutdown completed.
2023-11-09 10:17:31.113 [INFO] com.hexaware.restapi.restcontroller.ProductRestControllerTest [main] Starting ProductRestControllerTest using Java 17.0.8.1 with PID 14500 (started by Admin in D:\Java_WorkSpace\product_rest_api)
2023-11-09 10:17:31.116 [INFO] com.hexaware.restapi.restcontroller.ProductRestControllerTest [main] No active profile set, falling back to 1 default profile: "default"
2023-11-09 10:17:32.037 [INFO] org.springframework.data.repository.config.RepositoryConfigurationDelegate [main] Bootstrapping Spring Data JPA repositories in DEFAULT mode.
2023-11-09 10:17:32.165 [INFO] org.springframework.data.repository.config.RepositoryConfigurationDelegate [main] Finished Spring Data repository scanning in 109 ms. Found 1 JPA repository interfaces.
2023-11-09 10:17:32.862 [INFO] org.hibernate.jpa.internal.util.LogHelper [main] HHH000204: Processing PersistenceUnitInfo [name: default]
2023-11-09 10:17:32.968 [INFO] org.hibernate.Version [main] HHH000412: Hibernate ORM core version 6.3.1.Final
2023-11-09 10:17:33.029 [INFO] org.hibernate.cache.internal.RegionFactoryInitiator [main] HHH000026: Second-level cache disabled
2023-11-09 10:17:33.485 [INFO] org.springframework.orm.jpa.persistenceunit.SpringPersistenceUnitInfo [main] No LoadTimeWeaver setup: ignoring JPA class transformer
2023-11-09 10:17:33.526 [INFO] com.zaxxer.hikari.HikariDataSource [main] HikariPool-1 - Starting...
2023-11-09 10:17:33.971 [INFO] com.zaxxer.hikari.pool.HikariPool [main] HikariPool-1 - Added connection com.mysql.cj.jdbc.ConnectionImpl@6eaa6b0c
2023-11-09 10:17:33.975 [INFO] com.zaxxer.hikari.HikariDataSource [main] HikariPool-1 - Start completed.
2023-11-09 10:17:35.183 [INFO] org.hibernate.engine.transaction.jta.platform.internal.JtaPlatformInitiator [main] HHH000489: No JTA platform available (set 'hibernate.transaction.jta.platform' to enable JTA platform integration)
2023-11-09 10:17:35.239 [INFO] org.springframework.orm.jpa.LocalContainerEntityManagerFactoryBean [main] Initialized JPA EntityManagerFactory for persistence unit 'default'
2023-11-09 10:17:35.817 [WARN] org.springframework.boot.autoconfigure.orm.jpa.JpaBaseConfiguration$JpaWebConfiguration [main] spring.jpa.open-in-view is enabled by default. Therefore, database queries may be performed during view rendering. Explicitly configure spring.jpa.open-in-view to disable this warning
2023-11-09 10:17:36.350 [INFO] com.hexaware.restapi.restcontroller.ProductRestControllerTest [main] Started ProductRestControllerTest in 5.72 seconds (process running for 7.06)
2023-11-09 10:17:37.477 [INFO] com.hexaware.restapi.restcontroller.ProductRestControllerTest [main] Product : Product [pid=1, pname=Mobile, price=9000.0]
2023-11-09 10:17:37.482 [INFO] com.hexaware.restapi.restcontroller.ProductRestControllerTest [main] 200 OK
2023-11-09 10:17:37.485 [INFO] com.hexaware.restapi.restcontroller.ProductRestControllerTest [main] Response : <200 OK OK,Product [pid=1, pname=Mobile, price=9000.0],[Content-Type:"application/json", Transfer-Encoding:"chunked", Date:"Thu, 09 Nov 2023 04:47:37 GMT", Keep-Alive:"timeout=60", Connection:"keep-alive"]>
2023-11-09 10:17:37.506 [INFO] com.hexaware.restapi.restcontroller.ProductRestControllerTest [main] Product [pid=1, pname=Mobile, price=9000.0]
2023-11-09 10:17:37.587 [INFO] org.springframework.orm.jpa.LocalContainerEntityManagerFactoryBean [SpringApplicationShutdownHook] Closing JPA EntityManagerFactory for persistence unit 'default'
2023-11-09 10:17:37.590 [INFO] com.zaxxer.hikari.HikariDataSource [SpringApplicationShutdownHook] HikariPool-1 - Shutdown initiated...
2023-11-09 10:17:37.602 [INFO] com.zaxxer.hikari.HikariDataSource [SpringApplicationShutdownHook] HikariPool-1 - Shutdown completed.
2023-11-09 10:18:23.238 [INFO] com.hexaware.restapi.restcontroller.ProductRestControllerTest [main] Starting ProductRestControllerTest using Java 17.0.8.1 with PID 8764 (started by Admin in D:\Java_WorkSpace\product_rest_api)
2023-11-09 10:18:23.240 [INFO] com.hexaware.restapi.restcontroller.ProductRestControllerTest [main] No active profile set, falling back to 1 default profile: "default"
2023-11-09 10:18:24.274 [INFO] org.springframework.data.repository.config.RepositoryConfigurationDelegate [main] Bootstrapping Spring Data JPA repositories in DEFAULT mode.
2023-11-09 10:18:24.408 [INFO] org.springframework.data.repository.config.RepositoryConfigurationDelegate [main] Finished Spring Data repository scanning in 115 ms. Found 1 JPA repository interfaces.
2023-11-09 10:18:26.081 [INFO] org.hibernate.jpa.internal.util.LogHelper [main] HHH000204: Processing PersistenceUnitInfo [name: default]
2023-11-09 10:18:26.491 [INFO] org.hibernate.Version [main] HHH000412: Hibernate ORM core version 6.3.1.Final
2023-11-09 10:18:26.716 [INFO] org.hibernate.cache.internal.RegionFactoryInitiator [main] HHH000026: Second-level cache disabled
2023-11-09 10:18:27.931 [INFO] org.springframework.orm.jpa.persistenceunit.SpringPersistenceUnitInfo [main] No LoadTimeWeaver setup: ignoring JPA class transformer
2023-11-09 10:18:28.061 [INFO] com.zaxxer.hikari.HikariDataSource [main] HikariPool-1 - Starting...
2023-11-09 10:18:29.580 [INFO] com.zaxxer.hikari.pool.HikariPool [main] HikariPool-1 - Added connection com.mysql.cj.jdbc.ConnectionImpl@5423a17
2023-11-09 10:18:29.589 [INFO] com.zaxxer.hikari.HikariDataSource [main] HikariPool-1 - Start completed.
2023-11-09 10:18:32.984 [INFO] org.hibernate.engine.transaction.jta.platform.internal.JtaPlatformInitiator [main] HHH000489: No JTA platform available (set 'hibernate.transaction.jta.platform' to enable JTA platform integration)
2023-11-09 10:18:33.132 [INFO] org.springframework.orm.jpa.LocalContainerEntityManagerFactoryBean [main] Initialized JPA EntityManagerFactory for persistence unit 'default'
2023-11-09 10:18:34.755 [WARN] org.springframework.boot.autoconfigure.orm.jpa.JpaBaseConfiguration$JpaWebConfiguration [main] spring.jpa.open-in-view is enabled by default. Therefore, database queries may be performed during view rendering. Explicitly configure spring.jpa.open-in-view to disable this warning
2023-11-09 10:18:36.383 [INFO] com.hexaware.restapi.restcontroller.ProductRestControllerTest [main] Started ProductRestControllerTest in 13.589 seconds (process running for 14.981)
2023-11-09 10:18:39.217 [INFO] com.hexaware.restapi.restcontroller.ProductRestControllerTest [main] Product : Product [pid=1, pname=Mobile, price=9000.0]
2023-11-09 10:18:39.225 [INFO] com.hexaware.restapi.restcontroller.ProductRestControllerTest [main] 200 OK
2023-11-09 10:18:39.232 [INFO] com.hexaware.restapi.restcontroller.ProductRestControllerTest [main] Response : <200 OK OK,Product [pid=1, pname=Mobile, price=9000.0],[Content-Type:"application/json", Transfer-Encoding:"chunked", Date:"Thu, 09 Nov 2023 04:48:39 GMT", Keep-Alive:"timeout=60", Connection:"keep-alive"]>
2023-11-09 10:18:39.262 [INFO] com.hexaware.restapi.restcontroller.ProductRestControllerTest [main] Product [pid=1, pname=Mobile, price=9000.0]
[32m2023-11-09 10:18:39.354[0;39m [INFO] com.hexaware.restapi.restcontroller.ProductRestController [http-nio-8282-exec-1] I am info
[32m2023-11-09 10:18:39.359[0;39m [WARN] com.hexaware.restapi.restcontroller.ProductRestController [http-nio-8282-exec-1] I am warning
[32m2023-11-09 10:18:39.360[0;39m [ERROR] com.hexaware.restapi.restcontroller.ProductRestController [http-nio-8282-exec-1] I am error
2023-11-09 10:18:39.693 [INFO] com.hexaware.restapi.restcontroller.ProductRestControllerTest [main] List of Products : [{pid=1, pname=Mobile, price=9000.0}, {pid=2, pname=Laptop, price=40000.0}, {pid=52, pname=Pendrive, price=2200.0}]
2023-11-09 10:18:39.723 [INFO] org.springframework.orm.jpa.LocalContainerEntityManagerFactoryBean [SpringApplicationShutdownHook] Closing JPA EntityManagerFactory for persistence unit 'default'
2023-11-09 10:18:39.729 [INFO] com.zaxxer.hikari.HikariDataSource [SpringApplicationShutdownHook] HikariPool-1 - Shutdown initiated...
2023-11-09 10:18:39.761 [INFO] com.zaxxer.hikari.HikariDataSource [SpringApplicationShutdownHook] HikariPool-1 - Shutdown completed.
2023-11-09 10:27:18.528 [INFO] com.hexaware.restapi.restcontroller.ProductRestControllerTest [main] Starting ProductRestControllerTest using Java 17.0.8.1 with PID 14840 (started by Admin in D:\Java_WorkSpace\product_rest_api)
2023-11-09 10:27:18.530 [INFO] com.hexaware.restapi.restcontroller.ProductRestControllerTest [main] No active profile set, falling back to 1 default profile: "default"
2023-11-09 10:27:19.391 [INFO] org.springframework.data.repository.config.RepositoryConfigurationDelegate [main] Bootstrapping Spring Data JPA repositories in DEFAULT mode.
2023-11-09 10:27:19.478 [INFO] org.springframework.data.repository.config.RepositoryConfigurationDelegate [main] Finished Spring Data repository scanning in 70 ms. Found 1 JPA repository interfaces.
2023-11-09 10:27:20.131 [INFO] org.hibernate.jpa.internal.util.LogHelper [main] HHH000204: Processing PersistenceUnitInfo [name: default]
2023-11-09 10:27:20.226 [INFO] org.hibernate.Version [main] HHH000412: Hibernate ORM core version 6.3.1.Final
2023-11-09 10:27:20.291 [INFO] org.hibernate.cache.internal.RegionFactoryInitiator [main] HHH000026: Second-level cache disabled
2023-11-09 10:27:20.680 [INFO] org.springframework.orm.jpa.persistenceunit.SpringPersistenceUnitInfo [main] No LoadTimeWeaver setup: ignoring JPA class transformer
2023-11-09 10:27:20.719 [INFO] com.zaxxer.hikari.HikariDataSource [main] HikariPool-1 - Starting...
2023-11-09 10:27:21.173 [INFO] com.zaxxer.hikari.pool.HikariPool [main] HikariPool-1 - Added connection com.mysql.cj.jdbc.ConnectionImpl@315b5913
2023-11-09 10:27:21.175 [INFO] com.zaxxer.hikari.HikariDataSource [main] HikariPool-1 - Start completed.
2023-11-09 10:27:22.301 [INFO] org.hibernate.engine.transaction.jta.platform.internal.JtaPlatformInitiator [main] HHH000489: No JTA platform available (set 'hibernate.transaction.jta.platform' to enable JTA platform integration)
2023-11-09 10:27:22.350 [INFO] org.springframework.orm.jpa.LocalContainerEntityManagerFactoryBean [main] Initialized JPA EntityManagerFactory for persistence unit 'default'
2023-11-09 10:27:22.949 [WARN] org.springframework.boot.autoconfigure.orm.jpa.JpaBaseConfiguration$JpaWebConfiguration [main] spring.jpa.open-in-view is enabled by default. Therefore, database queries may be performed during view rendering. Explicitly configure spring.jpa.open-in-view to disable this warning
2023-11-09 10:27:23.483 [INFO] com.hexaware.restapi.restcontroller.ProductRestControllerTest [main] Started ProductRestControllerTest in 5.399 seconds (process running for 6.809)
2023-11-09 10:27:24.411 [INFO] com.hexaware.restapi.restcontroller.ProductRestControllerTest [main] Product : Product [pid=1, pname=Mobile, price=9000.0]
2023-11-09 10:27:24.414 [INFO] com.hexaware.restapi.restcontroller.ProductRestControllerTest [main] 200 OK
2023-11-09 10:27:24.416 [INFO] com.hexaware.restapi.restcontroller.ProductRestControllerTest [main] Response : <200 OK OK,Product [pid=1, pname=Mobile, price=9000.0],[Content-Type:"application/json", Transfer-Encoding:"chunked", Date:"Thu, 09 Nov 2023 04:57:24 GMT", Keep-Alive:"timeout=60", Connection:"keep-alive"]>
2023-11-09 10:27:24.427 [INFO] com.hexaware.restapi.restcontroller.ProductRestControllerTest [main] Product [pid=1, pname=Mobile, price=9000.0]
2023-11-09 10:27:24.594 [INFO] com.hexaware.restapi.restcontroller.ProductRestControllerTest [main] Product Added: Product [pid=102, pname=Car, price=99000.0]
[32m2023-11-09 10:27:24.603[0;39m [INFO] com.hexaware.restapi.restcontroller.ProductRestController [http-nio-8282-exec-6] I am info
[32m2023-11-09 10:27:24.604[0;39m [WARN] com.hexaware.restapi.restcontroller.ProductRestController [http-nio-8282-exec-6] I am warning
[32m2023-11-09 10:27:24.604[0;39m [ERROR] com.hexaware.restapi.restcontroller.ProductRestController [http-nio-8282-exec-6] I am error
2023-11-09 10:27:24.614 [INFO] com.hexaware.restapi.restcontroller.ProductRestControllerTest [main] List of Products : [{pid=1, pname=Mobile, price=9000.0}, {pid=2, pname=Laptop, price=40000.0}, {pid=52, pname=Pendrive, price=2200.0}, {pid=102, pname=Car, price=99000.0}]
2023-11-09 10:27:24.630 [INFO] org.springframework.orm.jpa.LocalContainerEntityManagerFactoryBean [SpringApplicationShutdownHook] Closing JPA EntityManagerFactory for persistence unit 'default'
2023-11-09 10:27:24.634 [INFO] com.zaxxer.hikari.HikariDataSource [SpringApplicationShutdownHook] HikariPool-1 - Shutdown initiated...
2023-11-09 10:27:24.652 [INFO] com.zaxxer.hikari.HikariDataSource [SpringApplicationShutdownHook] HikariPool-1 - Shutdown completed.
[32m2023-11-09 12:12:27.266[0;39m [INFO] org.springframework.boot.admin.SpringApplicationAdminMXBeanRegistrar$SpringApplicationAdmin [RMI TCP Connection(134)-127.0.0.1] Application shutdown requested.
[32m2023-11-09 12:12:27.280[0;39m [INFO] org.springframework.orm.jpa.LocalContainerEntityManagerFactoryBean [RMI TCP Connection(134)-127.0.0.1] Closing JPA EntityManagerFactory for persistence unit 'default'
[32m2023-11-09 12:12:27.282[0;39m [INFO] com.zaxxer.hikari.HikariDataSource [RMI TCP Connection(134)-127.0.0.1] HikariPool-1 - Shutdown initiated...
[32m2023-11-09 12:12:27.286[0;39m [INFO] com.zaxxer.hikari.HikariDataSource [RMI TCP Connection(134)-127.0.0.1] HikariPool-1 - Shutdown completed.
[32m2023-11-09 12:12:30.039[0;39m [INFO] com.hexaware.restapi.ProductRestApiApplication [main] Starting ProductRestApiApplication using Java 17.0.8.1 with PID 7336 (D:\Java_WorkSpace\product_rest_api\target\classes started by Admin in D:\Java_WorkSpace\product_rest_api)
[32m2023-11-09 12:12:30.041[0;39m [INFO] com.hexaware.restapi.ProductRestApiApplication [main] No active profile set, falling back to 1 default profile: "default"
[32m2023-11-09 12:12:30.892[0;39m [INFO] org.springframework.data.repository.config.RepositoryConfigurationDelegate [main] Bootstrapping Spring Data JPA repositories in DEFAULT mode.
[32m2023-11-09 12:12:30.952[0;39m [INFO] org.springframework.data.repository.config.RepositoryConfigurationDelegate [main] Finished Spring Data repository scanning in 52 ms. Found 1 JPA repository interfaces.
[32m2023-11-09 12:12:31.443[0;39m [INFO] org.springframework.boot.web.embedded.tomcat.TomcatWebServer [main] Tomcat initialized with port 8282 (http)
[32m2023-11-09 12:12:31.453[0;39m [INFO] org.apache.catalina.core.StandardService [main] Starting service [Tomcat]
[32m2023-11-09 12:12:31.453[0;39m [INFO] org.apache.catalina.core.StandardEngine [main] Starting Servlet engine: [Apache Tomcat/10.1.15]
[32m2023-11-09 12:12:31.513[0;39m [INFO] org.apache.catalina.core.ContainerBase.[Tomcat].[localhost].[/] [main] Initializing Spring embedded WebApplicationContext
[32m2023-11-09 12:12:31.514[0;39m [INFO] org.springframework.boot.web.servlet.context.ServletWebServerApplicationContext [main] Root WebApplicationContext: initialization completed in 1407 ms
[32m2023-11-09 12:12:31.650[0;39m [INFO] org.hibernate.jpa.internal.util.LogHelper [main] HHH000204: Processing PersistenceUnitInfo [name: default]
[32m2023-11-09 12:12:31.702[0;39m [INFO] org.hibernate.Version [main] HHH000412: Hibernate ORM core version 6.3.1.Final
[32m2023-11-09 12:12:31.739[0;39m [INFO] org.hibernate.cache.internal.RegionFactoryInitiator [main] HHH000026: Second-level cache disabled
[32m2023-11-09 12:12:31.968[0;39m [INFO] org.springframework.orm.jpa.persistenceunit.SpringPersistenceUnitInfo [main] No LoadTimeWeaver setup: ignoring JPA class transformer
[32m2023-11-09 12:12:31.994[0;39m [INFO] com.zaxxer.hikari.HikariDataSource [main] HikariPool-1 - Starting...
[32m2023-11-09 12:12:32.308[0;39m [INFO] com.zaxxer.hikari.pool.HikariPool [main] HikariPool-1 - Added connection com.mysql.cj.jdbc.ConnectionImpl@f76872f
[32m2023-11-09 12:12:32.310[0;39m [INFO] com.zaxxer.hikari.HikariDataSource [main] HikariPool-1 - Start completed.
[32m2023-11-09 12:12:33.182[0;39m [INFO] org.hibernate.engine.transaction.jta.platform.internal.JtaPlatformInitiator [main] HHH000489: No JTA platform available (set 'hibernate.transaction.jta.platform' to enable JTA platform integration)
[32m2023-11-09 12:12:33.236[0;39m [INFO] org.springframework.orm.jpa.LocalContainerEntityManagerFactoryBean [main] Initialized JPA EntityManagerFactory for persistence unit 'default'
[32m2023-11-09 12:12:33.488[0;39m [WARN] org.springframework.boot.autoconfigure.orm.jpa.JpaBaseConfiguration$JpaWebConfiguration [main] spring.jpa.open-in-view is enabled by default. Therefore, database queries may be performed during view rendering. Explicitly configure spring.jpa.open-in-view to disable this warning
[32m2023-11-09 12:12:33.812[0;39m [INFO] org.springframework.boot.web.embedded.tomcat.TomcatWebServer [main] Tomcat started on port 8282 (http) with context path ''
[32m2023-11-09 12:12:33.824[0;39m [INFO] com.hexaware.restapi.ProductRestApiApplication [main] Started ProductRestApiApplication in 4.351 seconds (process running for 5.069)
[32m2023-11-09 12:12:48.079[0;39m [INFO] org.apache.catalina.core.ContainerBase.[Tomcat].[localhost].[/] [http-nio-8282-exec-1] Initializing Spring DispatcherServlet 'dispatcherServlet'
[32m2023-11-09 12:12:48.079[0;39m [INFO] org.springframework.web.servlet.DispatcherServlet [http-nio-8282-exec-1] Initializing Servlet 'dispatcherServlet'
[32m2023-11-09 12:12:48.080[0;39m [INFO] org.springframework.web.servlet.DispatcherServlet [http-nio-8282-exec-1] Completed initialization in 1 ms
[32m2023-11-09 12:12:48.113[0;39m [INFO] com.hexaware.restapi.restcontroller.ProductRestController [http-nio-8282-exec-1] I am info
[32m2023-11-09 12:12:48.113[0;39m [WARN] com.hexaware.restapi.restcontroller.ProductRestController [http-nio-8282-exec-1] I am warning
[32m2023-11-09 12:12:48.113[0;39m [ERROR] com.hexaware.restapi.restcontroller.ProductRestController [http-nio-8282-exec-1] I am error
[32m2023-11-09 12:16:29.448[0;39m [INFO] org.springframework.boot.admin.SpringApplicationAdminMXBeanRegistrar$SpringApplicationAdmin [RMI TCP Connection(7)-127.0.0.1] Application shutdown requested.
[32m2023-11-09 12:16:29.467[0;39m [INFO] org.springframework.orm.jpa.LocalContainerEntityManagerFactoryBean [RMI TCP Connection(7)-127.0.0.1] Closing JPA EntityManagerFactory for persistence unit 'default'
[32m2023-11-09 12:16:29.470[0;39m [INFO] com.zaxxer.hikari.HikariDataSource [RMI TCP Connection(7)-127.0.0.1] HikariPool-1 - Shutdown initiated...
[32m2023-11-09 12:16:29.478[0;39m [INFO] com.zaxxer.hikari.HikariDataSource [RMI TCP Connection(7)-127.0.0.1] HikariPool-1 - Shutdown completed.
[32m2023-11-09 13:24:41.052[0;39m [INFO] com.hexaware.restapi.ProductRestApiApplication [main] Starting ProductRestApiApplication using Java 17.0.8.1 with PID 1840 (D:\Java_WorkSpace\product_rest_api\target\classes started by Admin in D:\Java_WorkSpace\product_rest_api)
[32m2023-11-09 13:24:41.065[0;39m [INFO] com.hexaware.restapi.ProductRestApiApplication [main] No active profile set, falling back to 1 default profile: "default"
[32m2023-11-09 13:24:43.684[0;39m [INFO] org.springframework.data.repository.config.RepositoryConfigurationDelegate [main] Bootstrapping Spring Data JPA repositories in DEFAULT mode.
[32m2023-11-09 13:24:43.908[0;39m [INFO] org.springframework.data.repository.config.RepositoryConfigurationDelegate [main] Finished Spring Data repository scanning in 192 ms. Found 1 JPA repository interfaces.
[32m2023-11-09 13:24:45.593[0;39m [INFO] org.springframework.boot.web.embedded.tomcat.TomcatWebServer [main] Tomcat initialized with port 8282 (http)
[32m2023-11-09 13:24:45.618[0;39m [INFO] org.apache.catalina.core.StandardService [main] Starting service [Tomcat]
[32m2023-11-09 13:24:45.619[0;39m [INFO] org.apache.catalina.core.StandardEngine [main] Starting Servlet engine: [Apache Tomcat/10.1.15]
[32m2023-11-09 13:24:45.780[0;39m [INFO] org.apache.catalina.core.ContainerBase.[Tomcat].[localhost].[/] [main] Initializing Spring embedded WebApplicationContext
[32m2023-11-09 13:24:45.782[0;39m [INFO] org.springframework.boot.web.servlet.context.ServletWebServerApplicationContext [main] Root WebApplicationContext: initialization completed in 4557 ms
[32m2023-11-09 13:24:46.145[0;39m [INFO] org.hibernate.jpa.internal.util.LogHelper [main] HHH000204: Processing PersistenceUnitInfo [name: default]
[32m2023-11-09 13:24:46.295[0;39m [INFO] org.hibernate.Version [main] HHH000412: Hibernate ORM core version 6.3.1.Final
[32m2023-11-09 13:24:46.387[0;39m [INFO] org.hibernate.cache.internal.RegionFactoryInitiator [main] HHH000026: Second-level cache disabled
[32m2023-11-09 13:24:46.980[0;39m [INFO] org.springframework.orm.jpa.persistenceunit.SpringPersistenceUnitInfo [main] No LoadTimeWeaver setup: ignoring JPA class transformer
[32m2023-11-09 13:24:47.042[0;39m [INFO] com.zaxxer.hikari.HikariDataSource [main] HikariPool-1 - Starting...
[32m2023-11-09 13:24:47.774[0;39m [INFO] com.zaxxer.hikari.pool.HikariPool [main] HikariPool-1 - Added connection com.mysql.cj.jdbc.ConnectionImpl@34e990cc
[32m2023-11-09 13:24:47.778[0;39m [INFO] com.zaxxer.hikari.HikariDataSource [main] HikariPool-1 - Start completed.
[32m2023-11-09 13:24:49.514[0;39m [INFO] org.hibernate.engine.transaction.jta.platform.internal.JtaPlatformInitiator [main] HHH000489: No JTA platform available (set 'hibernate.transaction.jta.platform' to enable JTA platform integration)
[32m2023-11-09 13:24:49.601[0;39m [INFO] org.springframework.orm.jpa.LocalContainerEntityManagerFactoryBean [main] Initialized JPA EntityManagerFactory for persistence unit 'default'
[32m2023-11-09 13:24:50.140[0;39m [WARN] org.springframework.boot.autoconfigure.orm.jpa.JpaBaseConfiguration$JpaWebConfiguration [main] spring.jpa.open-in-view is enabled by default. Therefore, database queries may be performed during view rendering. Explicitly configure spring.jpa.open-in-view to disable this warning
[32m2023-11-09 13:24:50.756[0;39m [INFO] org.springframework.boot.web.embedded.tomcat.TomcatWebServer [main] Tomcat started on port 8282 (http) with context path ''
[32m2023-11-09 13:24:50.769[0;39m [INFO] com.hexaware.restapi.ProductRestApiApplication [main] Started ProductRestApiApplication in 11.013 seconds (process running for 13.633)
[32m2023-11-09 14:03:53.302[0;39m [INFO] org.springframework.boot.admin.SpringApplicationAdminMXBeanRegistrar$SpringApplicationAdmin [RMI TCP Connection(42)-127.0.0.1] Application shutdown requested.
[32m2023-11-09 14:03:53.320[0;39m [INFO] org.springframework.orm.jpa.LocalContainerEntityManagerFactoryBean [RMI TCP Connection(42)-127.0.0.1] Closing JPA EntityManagerFactory for persistence unit 'default'
[32m2023-11-09 14:03:53.323[0;39m [INFO] com.zaxxer.hikari.HikariDataSource [RMI TCP Connection(42)-127.0.0.1] HikariPool-1 - Shutdown initiated...
[32m2023-11-09 14:03:53.327[0;39m [INFO] com.zaxxer.hikari.HikariDataSource [RMI TCP Connection(42)-127.0.0.1] HikariPool-1 - Shutdown completed.
[32m2023-11-09 14:03:55.846[0;39m [INFO] com.hexaware.restapi.ProductRestApiApplication [main] Starting ProductRestApiApplication using Java 17.0.8.1 with PID 7212 (D:\Java_WorkSpace\product_rest_api\target\classes started by Admin in D:\Java_WorkSpace\product_rest_api)
[32m2023-11-09 14:03:55.849[0;39m [INFO] com.hexaware.restapi.ProductRestApiApplication [main] No active profile set, falling back to 1 default profile: "default"
[32m2023-11-09 14:03:56.497[0;39m [INFO] org.springframework.data.repository.config.RepositoryConfigurationDelegate [main] Bootstrapping Spring Data JPA repositories in DEFAULT mode.
[32m2023-11-09 14:03:56.562[0;39m [INFO] org.springframework.data.repository.config.RepositoryConfigurationDelegate [main] Finished Spring Data repository scanning in 57 ms. Found 1 JPA repository interfaces.
[32m2023-11-09 14:03:57.053[0;39m [INFO] org.springframework.boot.web.embedded.tomcat.TomcatWebServer [main] Tomcat initialized with port 8282 (http)
[32m2023-11-09 14:03:57.065[0;39m [INFO] org.apache.catalina.core.StandardService [main] Starting service [Tomcat]
[32m2023-11-09 14:03:57.066[0;39m [INFO] org.apache.catalina.core.StandardEngine [main] Starting Servlet engine: [Apache Tomcat/10.1.15]
[32m2023-11-09 14:03:57.127[0;39m [INFO] org.apache.catalina.core.ContainerBase.[Tomcat].[localhost].[/] [main] Initializing Spring embedded WebApplicationContext
[32m2023-11-09 14:03:57.128[0;39m [INFO] org.springframework.boot.web.servlet.context.ServletWebServerApplicationContext [main] Root WebApplicationContext: initialization completed in 1228 ms
[32m2023-11-09 14:03:57.275[0;39m [INFO] org.hibernate.jpa.internal.util.LogHelper [main] HHH000204: Processing PersistenceUnitInfo [name: default]
[32m2023-11-09 14:03:57.339[0;39m [INFO] org.hibernate.Version [main] HHH000412: Hibernate ORM core version 6.3.1.Final
[32m2023-11-09 14:03:57.381[0;39m [INFO] org.hibernate.cache.internal.RegionFactoryInitiator [main] HHH000026: Second-level cache disabled
[32m2023-11-09 14:03:57.695[0;39m [INFO] org.springframework.orm.jpa.persistenceunit.SpringPersistenceUnitInfo [main] No LoadTimeWeaver setup: ignoring JPA class transformer
[32m2023-11-09 14:03:57.733[0;39m [INFO] com.zaxxer.hikari.HikariDataSource [main] HikariPool-1 - Starting...
[32m2023-11-09 14:03:58.247[0;39m [INFO] com.zaxxer.hikari.pool.HikariPool [main] HikariPool-1 - Added connection com.mysql.cj.jdbc.ConnectionImpl@269c7104
[32m2023-11-09 14:03:58.251[0;39m [INFO] com.zaxxer.hikari.HikariDataSource [main] HikariPool-1 - Start completed.
[32m2023-11-09 14:04:00.167[0;39m [INFO] org.hibernate.engine.transaction.jta.platform.internal.JtaPlatformInitiator [main] HHH000489: No JTA platform available (set 'hibernate.transaction.jta.platform' to enable JTA platform integration)
[32m2023-11-09 14:04:00.274[0;39m [INFO] org.springframework.orm.jpa.LocalContainerEntityManagerFactoryBean [main] Initialized JPA EntityManagerFactory for persistence unit 'default'
[32m2023-11-09 14:04:01.052[0;39m [WARN] org.springframework.boot.autoconfigure.orm.jpa.JpaBaseConfiguration$JpaWebConfiguration [main] spring.jpa.open-in-view is enabled by default. Therefore, database queries may be performed during view rendering. Explicitly configure spring.jpa.open-in-view to disable this warning
[32m2023-11-09 14:04:02.179[0;39m [INFO] org.springframework.boot.web.embedded.tomcat.TomcatWebServer [main] Tomcat started on port 8282 (http) with context path ''
[32m2023-11-09 14:04:02.217[0;39m [INFO] com.hexaware.restapi.ProductRestApiApplication [main] Started ProductRestApiApplication in 6.788 seconds (process running for 7.509)
[32m2023-11-09 14:07:16.475[0;39m [INFO] org.apache.catalina.core.ContainerBase.[Tomcat].[localhost].[/] [http-nio-8282-exec-1] Initializing Spring DispatcherServlet 'dispatcherServlet'
[32m2023-11-09 14:07:16.476[0;39m [INFO] org.springframework.web.servlet.DispatcherServlet [http-nio-8282-exec-1] Initializing Servlet 'dispatcherServlet'
[32m2023-11-09 14:07:16.477[0;39m [INFO] org.springframework.web.servlet.DispatcherServlet [http-nio-8282-exec-1] Completed initialization in 1 ms
[32m2023-11-09 14:13:06.278[0;39m [INFO] org.springframework.boot.admin.SpringApplicationAdminMXBeanRegistrar$SpringApplicationAdmin [RMI TCP Connection(11)-127.0.0.1] Application shutdown requested.
[32m2023-11-09 14:13:06.293[0;39m [INFO] org.springframework.orm.jpa.LocalContainerEntityManagerFactoryBean [RMI TCP Connection(11)-127.0.0.1] Closing JPA EntityManagerFactory for persistence unit 'default'
[32m2023-11-09 14:13:06.294[0;39m [INFO] com.zaxxer.hikari.HikariDataSource [RMI TCP Connection(11)-127.0.0.1] HikariPool-1 - Shutdown initiated...
[32m2023-11-09 14:13:06.300[0;39m [INFO] com.zaxxer.hikari.HikariDataSource [RMI TCP Connection(11)-127.0.0.1] HikariPool-1 - Shutdown completed.
[32m2024-02-02 10:33:51.541[0;39m [INFO] com.hexaware.restapi.ProductRestApiApplication [main] Starting ProductRestApiApplication using Java 17.0.9 with PID 12112 (C:\java_hex_FSD\Microservices\product_rest_api\target\classes started by Alian in C:\java_hex_FSD\Microservices\product_rest_api)
[32m2024-02-02 10:33:51.550[0;39m [INFO] com.hexaware.restapi.ProductRestApiApplication [main] No active profile set, falling back to 1 default profile: "default"
[32m2024-02-02 10:33:52.847[0;39m [INFO] org.springframework.data.repository.config.RepositoryConfigurationDelegate [main] Bootstrapping Spring Data JPA repositories in DEFAULT mode.
[32m2024-02-02 10:33:52.971[0;39m [INFO] org.springframework.data.repository.config.RepositoryConfigurationDelegate [main] Finished Spring Data repository scanning in 107 ms. Found 1 JPA repository interface.
[32m2024-02-02 10:33:54.210[0;39m [INFO] org.springframework.boot.web.embedded.tomcat.TomcatWebServer [main] Tomcat initialized with port 8081 (http)
[32m2024-02-02 10:33:54.246[0;39m [INFO] org.apache.catalina.core.StandardService [main] Starting service [Tomcat]
[32m2024-02-02 10:33:54.247[0;39m [INFO] org.apache.catalina.core.StandardEngine [main] Starting Servlet engine: [Apache Tomcat/10.1.16]
[32m2024-02-02 10:33:54.523[0;39m [INFO] org.apache.catalina.core.ContainerBase.[Tomcat].[localhost].[/] [main] Initializing Spring embedded WebApplicationContext
[32m2024-02-02 10:33:54.526[0;39m [INFO] org.springframework.boot.web.servlet.context.ServletWebServerApplicationContext [main] Root WebApplicationContext: initialization completed in 2847 ms
[32m2024-02-02 10:33:54.905[0;39m [INFO] org.hibernate.jpa.internal.util.LogHelper [main] HHH000204: Processing PersistenceUnitInfo [name: default]
[32m2024-02-02 10:33:55.076[0;39m [INFO] org.hibernate.Version [main] HHH000412: Hibernate ORM core version 6.3.1.Final
[32m2024-02-02 10:33:55.160[0;39m [INFO] org.hibernate.cache.internal.RegionFactoryInitiator [main] HHH000026: Second-level cache disabled
[32m2024-02-02 10:33:55.653[0;39m [INFO] org.springframework.orm.jpa.persistenceunit.SpringPersistenceUnitInfo [main] No LoadTimeWeaver setup: ignoring JPA class transformer
[32m2024-02-02 10:33:55.703[0;39m [INFO] com.zaxxer.hikari.HikariDataSource [main] HikariPool-1 - Starting...
[32m2024-02-02 10:33:56.461[0;39m [INFO] com.zaxxer.hikari.pool.HikariPool [main] HikariPool-1 - Added connection com.mysql.cj.jdbc.ConnectionImpl@687b0ddc
[32m2024-02-02 10:33:56.465[0;39m [INFO] com.zaxxer.hikari.HikariDataSource [main] HikariPool-1 - Start completed.
[32m2024-02-02 10:33:56.612[0;39m [WARN] org.hibernate.orm.deprecation [main] HHH90000025: MySQL8Dialect does not need to be specified explicitly using 'hibernate.dialect' (remove the property setting and it will be selected by default)
[32m2024-02-02 10:33:56.615[0;39m [WARN] org.hibernate.orm.deprecation [main] HHH90000026: MySQL8Dialect has been deprecated; use org.hibernate.dialect.MySQLDialect instead
[32m2024-02-02 10:33:58.646[0;39m [INFO] org.hibernate.engine.transaction.jta.platform.internal.JtaPlatformInitiator [main] HHH000489: No JTA platform available (set 'hibernate.transaction.jta.platform' to enable JTA platform integration)
[32m2024-02-02 10:33:58.841[0;39m [INFO] org.springframework.orm.jpa.LocalContainerEntityManagerFactoryBean [main] Initialized JPA EntityManagerFactory for persistence unit 'default'
[32m2024-02-02 10:33:59.345[0;39m [WARN] org.springframework.boot.autoconfigure.orm.jpa.JpaBaseConfiguration$JpaWebConfiguration [main] spring.jpa.open-in-view is enabled by default. Therefore, database queries may be performed during view rendering. Explicitly configure spring.jpa.open-in-view to disable this warning
[32m2024-02-02 10:34:00.090[0;39m [INFO] org.springframework.boot.web.embedded.tomcat.TomcatWebServer [main] Tomcat started on port 8081 (http) with context path ''
[32m2024-02-02 10:34:00.111[0;39m [INFO] com.hexaware.restapi.ProductRestApiApplication [main] Started ProductRestApiApplication in 10.108 seconds (process running for 12.601)
[32m2024-02-02 10:35:51.807[0;39m [INFO] org.apache.catalina.core.ContainerBase.[Tomcat].[localhost].[/] [http-nio-8081-exec-1] Initializing Spring DispatcherServlet 'dispatcherServlet'
[32m2024-02-02 10:35:51.807[0;39m [INFO] org.springframework.web.servlet.DispatcherServlet [http-nio-8081-exec-1] Initializing Servlet 'dispatcherServlet'
[32m2024-02-02 10:35:51.811[0;39m [INFO] org.springframework.web.servlet.DispatcherServlet [http-nio-8081-exec-1] Completed initialization in 4 ms
[32m2024-02-02 10:38:55.757[0;39m [INFO] org.springframework.boot.admin.SpringApplicationAdminMXBeanRegistrar$SpringApplicationAdmin [RMI TCP Connection(13)-127.0.0.1] Application shutdown requested.
[32m2024-02-02 10:38:55.821[0;39m [INFO] org.springframework.orm.jpa.LocalContainerEntityManagerFactoryBean [RMI TCP Connection(13)-127.0.0.1] Closing JPA EntityManagerFactory for persistence unit 'default'
[32m2024-02-02 10:38:55.831[0;39m [INFO] com.zaxxer.hikari.HikariDataSource [RMI TCP Connection(13)-127.0.0.1] HikariPool-1 - Shutdown initiated...
[32m2024-02-02 10:38:55.871[0;39m [INFO] com.zaxxer.hikari.HikariDataSource [RMI TCP Connection(13)-127.0.0.1] HikariPool-1 - Shutdown completed.
2024-02-02T10:41:45.434+05:30  INFO 18212 --- [main] c.h.restapi.ProductRestApiApplication    : Starting ProductRestApiApplication using Java 17.0.9 with PID 18212 (C:\java_hex_FSD\Microservices\product_rest_api\target\classes started by Alian in C:\java_hex_FSD\Microservices\product_rest_api)
2024-02-02T10:41:45.439+05:30  INFO 18212 --- [main] c.h.restapi.ProductRestApiApplication    : No active profile set, falling back to 1 default profile: "default"
2024-02-02T10:41:47.489+05:30  INFO 18212 --- [main] .s.d.r.c.RepositoryConfigurationDelegate : Bootstrapping Spring Data JPA repositories in DEFAULT mode.
2024-02-02T10:41:47.638+05:30  INFO 18212 --- [main] .s.d.r.c.RepositoryConfigurationDelegate : Finished Spring Data repository scanning in 129 ms. Found 1 JPA repository interface.
2024-02-02T10:41:48.787+05:30  INFO 18212 --- [main] o.s.b.w.embedded.tomcat.TomcatWebServer  : Tomcat initialized with port 8081 (http)
2024-02-02T10:41:48.811+05:30  INFO 18212 --- [main] o.apache.catalina.core.StandardService   : Starting service [Tomcat]
2024-02-02T10:41:48.812+05:30  INFO 18212 --- [main] o.apache.catalina.core.StandardEngine    : Starting Servlet engine: [Apache Tomcat/10.1.16]
2024-02-02T10:41:48.950+05:30  INFO 18212 --- [main] o.a.c.c.C.[Tomcat].[localhost].[/]       : Initializing Spring embedded WebApplicationContext
2024-02-02T10:41:48.951+05:30  INFO 18212 --- [main] w.s.c.ServletWebServerApplicationContext : Root WebApplicationContext: initialization completed in 3431 ms
2024-02-02T10:41:49.239+05:30  INFO 18212 --- [main] o.hibernate.jpa.internal.util.LogHelper  : HHH000204: Processing PersistenceUnitInfo [name: default]
2024-02-02T10:41:49.331+05:30  INFO 18212 --- [main] org.hibernate.Version                    : HHH000412: Hibernate ORM core version 6.3.1.Final
2024-02-02T10:41:49.393+05:30  INFO 18212 --- [main] o.h.c.internal.RegionFactoryInitiator    : HHH000026: Second-level cache disabled
2024-02-02T10:41:49.824+05:30  INFO 18212 --- [main] o.s.o.j.p.SpringPersistenceUnitInfo      : No LoadTimeWeaver setup: ignoring JPA class transformer
2024-02-02T10:41:49.881+05:30  INFO 18212 --- [main] com.zaxxer.hikari.HikariDataSource       : HikariPool-1 - Starting...
2024-02-02T10:41:50.528+05:30  INFO 18212 --- [main] com.zaxxer.hikari.pool.HikariPool        : HikariPool-1 - Added connection com.mysql.cj.jdbc.ConnectionImpl@30fa8a6b
2024-02-02T10:41:50.532+05:30  INFO 18212 --- [main] com.zaxxer.hikari.HikariDataSource       : HikariPool-1 - Start completed.
2024-02-02T10:41:50.630+05:30  WARN 18212 --- [main] org.hibernate.orm.deprecation            : HHH90000025: MySQL8Dialect does not need to be specified explicitly using 'hibernate.dialect' (remove the property setting and it will be selected by default)
2024-02-02T10:41:50.631+05:30  WARN 18212 --- [main] org.hibernate.orm.deprecation            : HHH90000026: MySQL8Dialect has been deprecated; use org.hibernate.dialect.MySQLDialect instead
2024-02-02T10:41:52.266+05:30  INFO 18212 --- [main] o.h.e.t.j.p.i.JtaPlatformInitiator       : HHH000489: No JTA platform available (set 'hibernate.transaction.jta.platform' to enable JTA platform integration)
2024-02-02T10:41:52.375+05:30  INFO 18212 --- [main] j.LocalContainerEntityManagerFactoryBean : Initialized JPA EntityManagerFactory for persistence unit 'default'
2024-02-02T10:41:53.179+05:30  WARN 18212 --- [main] JpaBaseConfiguration$JpaWebConfiguration : spring.jpa.open-in-view is enabled by default. Therefore, database queries may be performed during view rendering. Explicitly configure spring.jpa.open-in-view to disable this warning
2024-02-02T10:41:54.931+05:30  INFO 18212 --- [main] o.s.b.w.embedded.tomcat.TomcatWebServer  : Tomcat started on port 8081 (http) with context path ''
2024-02-02T10:41:54.966+05:30  INFO 18212 --- [main] c.h.restapi.ProductRestApiApplication    : Started ProductRestApiApplication in 11.125 seconds (process running for 13.617)
2024-02-02T10:42:17.502+05:30  INFO 18212 --- [http-nio-8081-exec-1] o.a.c.c.C.[Tomcat].[localhost].[/]       : Initializing Spring DispatcherServlet 'dispatcherServlet'
2024-02-02T10:42:17.503+05:30  INFO 18212 --- [http-nio-8081-exec-1] o.s.web.servlet.DispatcherServlet        : Initializing Servlet 'dispatcherServlet'
2024-02-02T10:42:17.515+05:30  INFO 18212 --- [http-nio-8081-exec-1] o.s.web.servlet.DispatcherServlet        : Completed initialization in 9 ms
2024-02-02T10:42:19.280+05:30  INFO 18212 --- [http-nio-8081-exec-5] o.springdoc.api.AbstractOpenApiResource  : Init duration for springdoc-openapi is: 1078 ms
2024-02-02T10:58:55.510+05:30  INFO 18212 --- [RMI TCP Connection(25)-127.0.0.1] inMXBeanRegistrar$SpringApplicationAdmin : Application shutdown requested.
2024-02-02T10:58:55.539+05:30  INFO 18212 --- [RMI TCP Connection(25)-127.0.0.1] j.LocalContainerEntityManagerFactoryBean : Closing JPA EntityManagerFactory for persistence unit 'default'
2024-02-02T10:58:55.541+05:30  INFO 18212 --- [RMI TCP Connection(25)-127.0.0.1] com.zaxxer.hikari.HikariDataSource       : HikariPool-1 - Shutdown initiated...
2024-02-02T10:58:55.550+05:30  INFO 18212 --- [RMI TCP Connection(25)-127.0.0.1] com.zaxxer.hikari.HikariDataSource       : HikariPool-1 - Shutdown completed.
2024-02-02T10:58:57.933+05:30  INFO 6920 --- [main] c.h.restapi.ProductRestApiApplication    : Starting ProductRestApiApplication using Java 17.0.9 with PID 6920 (C:\java_hex_FSD\Microservices\product_rest_api\target\classes started by Alian in C:\java_hex_FSD\Microservices\product_rest_api)
2024-02-02T10:58:57.937+05:30  INFO 6920 --- [main] c.h.restapi.ProductRestApiApplication    : No active profile set, falling back to 1 default profile: "default"
2024-02-02T10:58:58.720+05:30  INFO 6920 --- [main] .s.d.r.c.RepositoryConfigurationDelegate : Bootstrapping Spring Data JPA repositories in DEFAULT mode.
2024-02-02T10:58:58.775+05:30  INFO 6920 --- [main] .s.d.r.c.RepositoryConfigurationDelegate : Finished Spring Data repository scanning in 48 ms. Found 1 JPA repository interface.
2024-02-02T10:58:59.254+05:30  INFO 6920 --- [main] o.s.b.w.embedded.tomcat.TomcatWebServer  : Tomcat initialized with port 8081 (http)
2024-02-02T10:58:59.264+05:30  INFO 6920 --- [main] o.apache.catalina.core.StandardService   : Starting service [Tomcat]
2024-02-02T10:58:59.264+05:30  INFO 6920 --- [main] o.apache.catalina.core.StandardEngine    : Starting Servlet engine: [Apache Tomcat/10.1.16]
2024-02-02T10:58:59.324+05:30  INFO 6920 --- [main] o.a.c.c.C.[Tomcat].[localhost].[/]       : Initializing Spring embedded WebApplicationContext
2024-02-02T10:58:59.324+05:30  INFO 6920 --- [main] w.s.c.ServletWebServerApplicationContext : Root WebApplicationContext: initialization completed in 1333 ms
2024-02-02T10:58:59.454+05:30  INFO 6920 --- [main] o.hibernate.jpa.internal.util.LogHelper  : HHH000204: Processing PersistenceUnitInfo [name: default]
2024-02-02T10:58:59.504+05:30  INFO 6920 --- [main] org.hibernate.Version                    : HHH000412: Hibernate ORM core version 6.3.1.Final
2024-02-02T10:58:59.537+05:30  INFO 6920 --- [main] o.h.c.internal.RegionFactoryInitiator    : HHH000026: Second-level cache disabled
2024-02-02T10:58:59.751+05:30  INFO 6920 --- [main] o.s.o.j.p.SpringPersistenceUnitInfo      : No LoadTimeWeaver setup: ignoring JPA class transformer
2024-02-02T10:58:59.775+05:30  INFO 6920 --- [main] com.zaxxer.hikari.HikariDataSource       : HikariPool-1 - Starting...
2024-02-02T10:59:00.090+05:30  INFO 6920 --- [main] com.zaxxer.hikari.pool.HikariPool        : HikariPool-1 - Added connection com.mysql.cj.jdbc.ConnectionImpl@b808af5
2024-02-02T10:59:00.092+05:30  INFO 6920 --- [main] com.zaxxer.hikari.HikariDataSource       : HikariPool-1 - Start completed.
2024-02-02T10:59:00.140+05:30  WARN 6920 --- [main] org.hibernate.orm.deprecation            : HHH90000025: MySQL8Dialect does not need to be specified explicitly using 'hibernate.dialect' (remove the property setting and it will be selected by default)
2024-02-02T10:59:00.141+05:30  WARN 6920 --- [main] org.hibernate.orm.deprecation            : HHH90000026: MySQL8Dialect has been deprecated; use org.hibernate.dialect.MySQLDialect instead
2024-02-02T10:59:00.910+05:30  INFO 6920 --- [main] o.h.e.t.j.p.i.JtaPlatformInitiator       : HHH000489: No JTA platform available (set 'hibernate.transaction.jta.platform' to enable JTA platform integration)
2024-02-02T10:59:00.966+05:30  INFO 6920 --- [main] j.LocalContainerEntityManagerFactoryBean : Initialized JPA EntityManagerFactory for persistence unit 'default'
2024-02-02T10:59:01.292+05:30  WARN 6920 --- [main] JpaBaseConfiguration$JpaWebConfiguration : spring.jpa.open-in-view is enabled by default. Therefore, database queries may be performed during view rendering. Explicitly configure spring.jpa.open-in-view to disable this warning
2024-02-02T10:59:02.130+05:30  INFO 6920 --- [main] o.s.b.w.embedded.tomcat.TomcatWebServer  : Tomcat started on port 8081 (http) with context path ''
2024-02-02T10:59:02.137+05:30  INFO 6920 --- [main] c.h.restapi.ProductRestApiApplication    : Started ProductRestApiApplication in 4.685 seconds (process running for 5.427)
2024-02-02T11:06:42.535+05:30  INFO 6920 --- [http-nio-8081-exec-1] o.a.c.c.C.[Tomcat].[localhost].[/]       : Initializing Spring DispatcherServlet 'dispatcherServlet'
2024-02-02T11:06:42.535+05:30  INFO 6920 --- [http-nio-8081-exec-1] o.s.web.servlet.DispatcherServlet        : Initializing Servlet 'dispatcherServlet'
2024-02-02T11:06:42.538+05:30  INFO 6920 --- [http-nio-8081-exec-1] o.s.web.servlet.DispatcherServlet        : Completed initialization in 2 ms
2024-02-02T11:07:57.121+05:30  INFO 6920 --- [RMI TCP Connection(17)-127.0.0.1] inMXBeanRegistrar$SpringApplicationAdmin : Application shutdown requested.
2024-02-02T11:07:57.141+05:30  INFO 6920 --- [RMI TCP Connection(17)-127.0.0.1] j.LocalContainerEntityManagerFactoryBean : Closing JPA EntityManagerFactory for persistence unit 'default'
2024-02-02T11:07:57.143+05:30  INFO 6920 --- [RMI TCP Connection(17)-127.0.0.1] com.zaxxer.hikari.HikariDataSource       : HikariPool-1 - Shutdown initiated...
2024-02-02T11:07:57.150+05:30  INFO 6920 --- [RMI TCP Connection(17)-127.0.0.1] com.zaxxer.hikari.HikariDataSource       : HikariPool-1 - Shutdown completed.
2024-02-02T11:07:59.534+05:30  INFO 17552 --- [main] c.h.restapi.ProductRestApiApplication    : Starting ProductRestApiApplication using Java 17.0.9 with PID 17552 (C:\java_hex_FSD\Microservices\product_rest_api\target\classes started by Alian in C:\java_hex_FSD\Microservices\product_rest_api)
2024-02-02T11:07:59.537+05:30  INFO 17552 --- [main] c.h.restapi.ProductRestApiApplication    : No active profile set, falling back to 1 default profile: "default"
2024-02-02T11:08:00.242+05:30  INFO 17552 --- [main] .s.d.r.c.RepositoryConfigurationDelegate : Bootstrapping Spring Data JPA repositories in DEFAULT mode.
2024-02-02T11:08:00.297+05:30  INFO 17552 --- [main] .s.d.r.c.RepositoryConfigurationDelegate : Finished Spring Data repository scanning in 47 ms. Found 1 JPA repository interface.
2024-02-02T11:08:00.812+05:30  INFO 17552 --- [main] o.s.b.w.embedded.tomcat.TomcatWebServer  : Tomcat initialized with port 8081 (http)
2024-02-02T11:08:00.823+05:30  INFO 17552 --- [main] o.apache.catalina.core.StandardService   : Starting service [Tomcat]
2024-02-02T11:08:00.824+05:30  INFO 17552 --- [main] o.apache.catalina.core.StandardEngine    : Starting Servlet engine: [Apache Tomcat/10.1.16]
2024-02-02T11:08:00.915+05:30  INFO 17552 --- [main] o.a.c.c.C.[Tomcat].[localhost].[/]       : Initializing Spring embedded WebApplicationContext
2024-02-02T11:08:00.915+05:30  INFO 17552 --- [main] w.s.c.ServletWebServerApplicationContext : Root WebApplicationContext: initialization completed in 1333 ms
2024-02-02T11:08:01.092+05:30  INFO 17552 --- [main] o.hibernate.jpa.internal.util.LogHelper  : HHH000204: Processing PersistenceUnitInfo [name: default]
2024-02-02T11:08:01.179+05:30  INFO 17552 --- [main] org.hibernate.Version                    : HHH000412: Hibernate ORM core version 6.3.1.Final
2024-02-02T11:08:01.224+05:30  INFO 17552 --- [main] o.h.c.internal.RegionFactoryInitiator    : HHH000026: Second-level cache disabled
2024-02-02T11:08:01.482+05:30  INFO 17552 --- [main] o.s.o.j.p.SpringPersistenceUnitInfo      : No LoadTimeWeaver setup: ignoring JPA class transformer
2024-02-02T11:08:01.512+05:30  INFO 17552 --- [main] com.zaxxer.hikari.HikariDataSource       : HikariPool-1 - Starting...
2024-02-02T11:08:01.805+05:30  INFO 17552 --- [main] com.zaxxer.hikari.pool.HikariPool        : HikariPool-1 - Added connection com.mysql.cj.jdbc.ConnectionImpl@5b490d5e
2024-02-02T11:08:01.807+05:30  INFO 17552 --- [main] com.zaxxer.hikari.HikariDataSource       : HikariPool-1 - Start completed.
2024-02-02T11:08:01.857+05:30  WARN 17552 --- [main] org.hibernate.orm.deprecation            : HHH90000025: MySQL8Dialect does not need to be specified explicitly using 'hibernate.dialect' (remove the property setting and it will be selected by default)
2024-02-02T11:08:01.859+05:30  WARN 17552 --- [main] org.hibernate.orm.deprecation            : HHH90000026: MySQL8Dialect has been deprecated; use org.hibernate.dialect.MySQLDialect instead
2024-02-02T11:08:02.709+05:30  INFO 17552 --- [main] o.h.e.t.j.p.i.JtaPlatformInitiator       : HHH000489: No JTA platform available (set 'hibernate.transaction.jta.platform' to enable JTA platform integration)
2024-02-02T11:08:02.785+05:30  INFO 17552 --- [main] j.LocalContainerEntityManagerFactoryBean : Initialized JPA EntityManagerFactory for persistence unit 'default'
2024-02-02T11:08:03.131+05:30  WARN 17552 --- [main] JpaBaseConfiguration$JpaWebConfiguration : spring.jpa.open-in-view is enabled by default. Therefore, database queries may be performed during view rendering. Explicitly configure spring.jpa.open-in-view to disable this warning
2024-02-02T11:08:03.907+05:30  INFO 17552 --- [main] o.s.b.w.embedded.tomcat.TomcatWebServer  : Tomcat started on port 8081 (http) with context path ''
2024-02-02T11:08:03.916+05:30  INFO 17552 --- [main] c.h.restapi.ProductRestApiApplication    : Started ProductRestApiApplication in 4.803 seconds (process running for 5.495)
2024-02-02T11:50:58.342+05:30  INFO 17552 --- [RMI TCP Connection(52)-127.0.0.1] inMXBeanRegistrar$SpringApplicationAdmin : Application shutdown requested.
2024-02-02T11:50:58.364+05:30  INFO 17552 --- [RMI TCP Connection(52)-127.0.0.1] j.LocalContainerEntityManagerFactoryBean : Closing JPA EntityManagerFactory for persistence unit 'default'
2024-02-02T11:50:58.367+05:30  INFO 17552 --- [RMI TCP Connection(52)-127.0.0.1] com.zaxxer.hikari.HikariDataSource       : HikariPool-1 - Shutdown initiated...
2024-02-02T11:50:58.374+05:30  INFO 17552 --- [RMI TCP Connection(52)-127.0.0.1] com.zaxxer.hikari.HikariDataSource       : HikariPool-1 - Shutdown completed.
2024-02-02T13:38:15.028+05:30  INFO 19012 --- [main] c.h.restapi.ProductRestApiApplication    : Starting ProductRestApiApplication using Java 17.0.9 with PID 19012 (C:\java_hex_FSD\Microservices\product_rest_api\target\classes started by Alian in C:\java_hex_FSD\Microservices\product_rest_api)
2024-02-02T13:38:15.034+05:30  INFO 19012 --- [main] c.h.restapi.ProductRestApiApplication    : No active profile set, falling back to 1 default profile: "default"
2024-02-02T13:38:16.971+05:30  INFO 19012 --- [main] .s.d.r.c.RepositoryConfigurationDelegate : Bootstrapping Spring Data JPA repositories in DEFAULT mode.
2024-02-02T13:38:17.114+05:30  INFO 19012 --- [main] .s.d.r.c.RepositoryConfigurationDelegate : Finished Spring Data repository scanning in 120 ms. Found 1 JPA repository interface.
2024-02-02T13:38:18.373+05:30  INFO 19012 --- [main] o.s.b.w.embedded.tomcat.TomcatWebServer  : Tomcat initialized with port 8081 (http)
2024-02-02T13:38:18.394+05:30  INFO 19012 --- [main] o.apache.catalina.core.StandardService   : Starting service [Tomcat]
2024-02-02T13:38:18.395+05:30  INFO 19012 --- [main] o.apache.catalina.core.StandardEngine    : Starting Servlet engine: [Apache Tomcat/10.1.16]
2024-02-02T13:38:18.537+05:30  INFO 19012 --- [main] o.a.c.c.C.[Tomcat].[localhost].[/]       : Initializing Spring embedded WebApplicationContext
2024-02-02T13:38:18.538+05:30  INFO 19012 --- [main] w.s.c.ServletWebServerApplicationContext : Root WebApplicationContext: initialization completed in 3405 ms
2024-02-02T13:38:18.905+05:30  INFO 19012 --- [main] o.hibernate.jpa.internal.util.LogHelper  : HHH000204: Processing PersistenceUnitInfo [name: default]
2024-02-02T13:38:19.085+05:30  INFO 19012 --- [main] org.hibernate.Version                    : HHH000412: Hibernate ORM core version 6.3.1.Final
2024-02-02T13:38:19.186+05:30  INFO 19012 --- [main] o.h.c.internal.RegionFactoryInitiator    : HHH000026: Second-level cache disabled
2024-02-02T13:38:19.825+05:30  INFO 19012 --- [main] o.s.o.j.p.SpringPersistenceUnitInfo      : No LoadTimeWeaver setup: ignoring JPA class transformer
2024-02-02T13:38:19.890+05:30  INFO 19012 --- [main] com.zaxxer.hikari.HikariDataSource       : HikariPool-1 - Starting...
2024-02-02T13:38:20.799+05:30  INFO 19012 --- [main] com.zaxxer.hikari.pool.HikariPool        : HikariPool-1 - Added connection com.mysql.cj.jdbc.ConnectionImpl@3cb04dd
2024-02-02T13:38:20.804+05:30  INFO 19012 --- [main] com.zaxxer.hikari.HikariDataSource       : HikariPool-1 - Start completed.
2024-02-02T13:38:20.964+05:30  WARN 19012 --- [main] org.hibernate.orm.deprecation            : HHH90000025: MySQL8Dialect does not need to be specified explicitly using 'hibernate.dialect' (remove the property setting and it will be selected by default)
2024-02-02T13:38:20.967+05:30  WARN 19012 --- [main] org.hibernate.orm.deprecation            : HHH90000026: MySQL8Dialect has been deprecated; use org.hibernate.dialect.MySQLDialect instead
2024-02-02T13:38:23.565+05:30  INFO 19012 --- [main] o.h.e.t.j.p.i.JtaPlatformInitiator       : HHH000489: No JTA platform available (set 'hibernate.transaction.jta.platform' to enable JTA platform integration)
2024-02-02T13:38:23.803+05:30  INFO 19012 --- [main] j.LocalContainerEntityManagerFactoryBean : Initialized JPA EntityManagerFactory for persistence unit 'default'
2024-02-02T13:38:24.738+05:30  WARN 19012 --- [main] JpaBaseConfiguration$JpaWebConfiguration : spring.jpa.open-in-view is enabled by default. Therefore, database queries may be performed during view rendering. Explicitly configure spring.jpa.open-in-view to disable this warning
2024-02-02T13:38:26.528+05:30  INFO 19012 --- [main] o.s.b.w.embedded.tomcat.TomcatWebServer  : Tomcat started on port 8081 (http) with context path ''
2024-02-02T13:38:26.546+05:30  INFO 19012 --- [main] c.h.restapi.ProductRestApiApplication    : Started ProductRestApiApplication in 12.864 seconds (process running for 15.405)
2024-02-02T14:12:33.896+05:30  INFO 19012 --- [RMI TCP Connection(45)-127.0.0.1] inMXBeanRegistrar$SpringApplicationAdmin : Application shutdown requested.
2024-02-02T14:12:33.977+05:30  INFO 19012 --- [RMI TCP Connection(45)-127.0.0.1] j.LocalContainerEntityManagerFactoryBean : Closing JPA EntityManagerFactory for persistence unit 'default'
2024-02-02T14:12:33.987+05:30  INFO 19012 --- [RMI TCP Connection(45)-127.0.0.1] com.zaxxer.hikari.HikariDataSource       : HikariPool-1 - Shutdown initiated...
2024-02-02T14:12:34.017+05:30  INFO 19012 --- [RMI TCP Connection(45)-127.0.0.1] com.zaxxer.hikari.HikariDataSource       : HikariPool-1 - Shutdown completed.
2024-02-02T14:14:37.938+05:30  INFO 4484 --- [main] c.h.restapi.ProductRestApiApplication    : Starting ProductRestApiApplication using Java 17.0.9 with PID 4484 (C:\java_hex_FSD\Microservices\product_rest_api\target\classes started by Alian in C:\java_hex_FSD\Microservices\product_rest_api)
2024-02-02T14:14:37.941+05:30  INFO 4484 --- [main] c.h.restapi.ProductRestApiApplication    : No active profile set, falling back to 1 default profile: "default"
2024-02-02T14:14:39.956+05:30  INFO 4484 --- [main] .s.d.r.c.RepositoryConfigurationDelegate : Bootstrapping Spring Data JPA repositories in DEFAULT mode.
2024-02-02T14:14:40.148+05:30  INFO 4484 --- [main] .s.d.r.c.RepositoryConfigurationDelegate : Finished Spring Data repository scanning in 164 ms. Found 1 JPA repository interface.
2024-02-02T14:14:41.610+05:30  INFO 4484 --- [main] o.s.b.w.embedded.tomcat.TomcatWebServer  : Tomcat initialized with port 8081 (http)
2024-02-02T14:14:41.635+05:30  INFO 4484 --- [main] o.apache.catalina.core.StandardService   : Starting service [Tomcat]
2024-02-02T14:14:41.636+05:30  INFO 4484 --- [main] o.apache.catalina.core.StandardEngine    : Starting Servlet engine: [Apache Tomcat/10.1.16]
2024-02-02T14:14:41.801+05:30  INFO 4484 --- [main] o.a.c.c.C.[Tomcat].[localhost].[/]       : Initializing Spring embedded WebApplicationContext
2024-02-02T14:14:41.801+05:30  INFO 4484 --- [main] w.s.c.ServletWebServerApplicationContext : Root WebApplicationContext: initialization completed in 3778 ms
2024-02-02T14:14:42.175+05:30  INFO 4484 --- [main] o.hibernate.jpa.internal.util.LogHelper  : HHH000204: Processing PersistenceUnitInfo [name: default]
2024-02-02T14:14:42.433+05:30  INFO 4484 --- [main] org.hibernate.Version                    : HHH000412: Hibernate ORM core version 6.3.1.Final
2024-02-02T14:14:42.583+05:30  INFO 4484 --- [main] o.h.c.internal.RegionFactoryInitiator    : HHH000026: Second-level cache disabled
2024-02-02T14:14:43.404+05:30  INFO 4484 --- [main] o.s.o.j.p.SpringPersistenceUnitInfo      : No LoadTimeWeaver setup: ignoring JPA class transformer
2024-02-02T14:14:43.466+05:30  INFO 4484 --- [main] com.zaxxer.hikari.HikariDataSource       : HikariPool-1 - Starting...
2024-02-02T14:14:44.112+05:30  INFO 4484 --- [main] com.zaxxer.hikari.pool.HikariPool        : HikariPool-1 - Added connection com.mysql.cj.jdbc.ConnectionImpl@1f6c4ae
2024-02-02T14:14:44.117+05:30  INFO 4484 --- [main] com.zaxxer.hikari.HikariDataSource       : HikariPool-1 - Start completed.
2024-02-02T14:14:44.242+05:30  WARN 4484 --- [main] org.hibernate.orm.deprecation            : HHH90000025: MySQL8Dialect does not need to be specified explicitly using 'hibernate.dialect' (remove the property setting and it will be selected by default)
2024-02-02T14:14:44.246+05:30  WARN 4484 --- [main] org.hibernate.orm.deprecation            : HHH90000026: MySQL8Dialect has been deprecated; use org.hibernate.dialect.MySQLDialect instead
2024-02-02T14:14:46.298+05:30  INFO 4484 --- [main] o.h.e.t.j.p.i.JtaPlatformInitiator       : HHH000489: No JTA platform available (set 'hibernate.transaction.jta.platform' to enable JTA platform integration)
2024-02-02T14:14:46.418+05:30  INFO 4484 --- [main] j.LocalContainerEntityManagerFactoryBean : Initialized JPA EntityManagerFactory for persistence unit 'default'
2024-02-02T14:14:47.350+05:30  WARN 4484 --- [main] JpaBaseConfiguration$JpaWebConfiguration : spring.jpa.open-in-view is enabled by default. Therefore, database queries may be performed during view rendering. Explicitly configure spring.jpa.open-in-view to disable this warning
2024-02-02T14:14:49.225+05:30  INFO 4484 --- [main] o.s.b.w.embedded.tomcat.TomcatWebServer  : Tomcat started on port 8081 (http) with context path ''
2024-02-02T14:14:49.242+05:30  INFO 4484 --- [main] c.h.restapi.ProductRestApiApplication    : Started ProductRestApiApplication in 12.599 seconds (process running for 14.564)
2024-02-02T14:16:49.947+05:30  INFO 4484 --- [http-nio-8081-exec-1] o.a.c.c.C.[Tomcat].[localhost].[/]       : Initializing Spring DispatcherServlet 'dispatcherServlet'
2024-02-02T14:16:49.948+05:30  INFO 4484 --- [http-nio-8081-exec-1] o.s.web.servlet.DispatcherServlet        : Initializing Servlet 'dispatcherServlet'
2024-02-02T14:16:49.953+05:30  INFO 4484 --- [http-nio-8081-exec-1] o.s.web.servlet.DispatcherServlet        : Completed initialization in 4 ms
2024-02-02T14:16:51.625+05:30  INFO 4484 --- [http-nio-8081-exec-4] o.springdoc.api.AbstractOpenApiResource  : Init duration for springdoc-openapi is: 816 ms
2024-02-02T14:50:41.007+05:30  INFO 4484 --- [http-nio-8081-exec-3] c.h.r.r.ProductRestController            : I am info
2024-02-02T14:50:41.014+05:30  WARN 4484 --- [http-nio-8081-exec-3] c.h.r.r.ProductRestController            : I am warning
2024-02-02T14:50:41.015+05:30 ERROR 4484 --- [http-nio-8081-exec-3] c.h.r.r.ProductRestController            : I am error
2024-02-02T14:50:41.016+05:30  INFO 4484 --- [http-nio-8081-exec-3] c.h.restapi.service.ProductServiceImp    : get all from service class
2024-02-02T14:50:41.016+05:30  WARN 4484 --- [http-nio-8081-exec-3] c.h.restapi.service.ProductServiceImp    : get all from service class
2024-02-02T16:25:45.678+05:30  INFO 4484 --- [RMI TCP Connection(139)-127.0.0.1] inMXBeanRegistrar$SpringApplicationAdmin : Application shutdown requested.
2024-02-02T16:25:46.025+05:30  INFO 4484 --- [RMI TCP Connection(139)-127.0.0.1] j.LocalContainerEntityManagerFactoryBean : Closing JPA EntityManagerFactory for persistence unit 'default'
2024-02-02T16:25:46.096+05:30  INFO 4484 --- [RMI TCP Connection(139)-127.0.0.1] com.zaxxer.hikari.HikariDataSource       : HikariPool-1 - Shutdown initiated...
2024-02-02T16:25:46.113+05:30  INFO 4484 --- [RMI TCP Connection(139)-127.0.0.1] com.zaxxer.hikari.HikariDataSource       : HikariPool-1 - Shutdown completed.
2024-02-02T21:24:37.058+05:30  INFO 2344 --- [main] c.h.restapi.ProductRestApiApplication    : Starting ProductRestApiApplication using Java 17.0.9 with PID 2344 (C:\java_hex_FSD\Microservices\product_rest_api\target\classes started by Alian in C:\java_hex_FSD\Microservices\product_rest_api)
2024-02-02T21:24:37.065+05:30  INFO 2344 --- [main] c.h.restapi.ProductRestApiApplication    : No active profile set, falling back to 1 default profile: "default"
2024-02-02T21:24:38.786+05:30  INFO 2344 --- [main] .s.d.r.c.RepositoryConfigurationDelegate : Bootstrapping Spring Data JPA repositories in DEFAULT mode.
2024-02-02T21:24:38.909+05:30  INFO 2344 --- [main] .s.d.r.c.RepositoryConfigurationDelegate : Finished Spring Data repository scanning in 102 ms. Found 1 JPA repository interface.
2024-02-02T21:24:39.997+05:30  INFO 2344 --- [main] o.s.b.w.embedded.tomcat.TomcatWebServer  : Tomcat initialized with port 8081 (http)
2024-02-02T21:24:40.013+05:30  INFO 2344 --- [main] o.apache.catalina.core.StandardService   : Starting service [Tomcat]
2024-02-02T21:24:40.015+05:30  INFO 2344 --- [main] o.apache.catalina.core.StandardEngine    : Starting Servlet engine: [Apache Tomcat/10.1.16]
2024-02-02T21:24:40.137+05:30  INFO 2344 --- [main] o.a.c.c.C.[Tomcat].[localhost].[/]       : Initializing Spring embedded WebApplicationContext
2024-02-02T21:24:40.138+05:30  INFO 2344 --- [main] w.s.c.ServletWebServerApplicationContext : Root WebApplicationContext: initialization completed in 2960 ms
2024-02-02T21:24:40.457+05:30  INFO 2344 --- [main] o.hibernate.jpa.internal.util.LogHelper  : HHH000204: Processing PersistenceUnitInfo [name: default]
2024-02-02T21:24:40.588+05:30  INFO 2344 --- [main] org.hibernate.Version                    : HHH000412: Hibernate ORM core version 6.3.1.Final
2024-02-02T21:24:40.675+05:30  INFO 2344 --- [main] o.h.c.internal.RegionFactoryInitiator    : HHH000026: Second-level cache disabled
2024-02-02T21:24:41.147+05:30  INFO 2344 --- [main] o.s.o.j.p.SpringPersistenceUnitInfo      : No LoadTimeWeaver setup: ignoring JPA class transformer
2024-02-02T21:24:41.205+05:30  INFO 2344 --- [main] com.zaxxer.hikari.HikariDataSource       : HikariPool-1 - Starting...
2024-02-02T21:24:41.903+05:30  INFO 2344 --- [main] com.zaxxer.hikari.pool.HikariPool        : HikariPool-1 - Added connection com.mysql.cj.jdbc.ConnectionImpl@4b336cc8
2024-02-02T21:24:41.908+05:30  INFO 2344 --- [main] com.zaxxer.hikari.HikariDataSource       : HikariPool-1 - Start completed.
2024-02-02T21:24:42.070+05:30  WARN 2344 --- [main] org.hibernate.orm.deprecation            : HHH90000025: MySQL8Dialect does not need to be specified explicitly using 'hibernate.dialect' (remove the property setting and it will be selected by default)
2024-02-02T21:24:42.073+05:30  WARN 2344 --- [main] org.hibernate.orm.deprecation            : HHH90000026: MySQL8Dialect has been deprecated; use org.hibernate.dialect.MySQLDialect instead
2024-02-02T21:24:43.726+05:30  INFO 2344 --- [main] o.h.e.t.j.p.i.JtaPlatformInitiator       : HHH000489: No JTA platform available (set 'hibernate.transaction.jta.platform' to enable JTA platform integration)
2024-02-02T21:24:43.841+05:30  INFO 2344 --- [main] j.LocalContainerEntityManagerFactoryBean : Initialized JPA EntityManagerFactory for persistence unit 'default'
2024-02-02T21:24:44.539+05:30  WARN 2344 --- [main] JpaBaseConfiguration$JpaWebConfiguration : spring.jpa.open-in-view is enabled by default. Therefore, database queries may be performed during view rendering. Explicitly configure spring.jpa.open-in-view to disable this warning
2024-02-02T21:24:46.127+05:30  INFO 2344 --- [main] o.s.b.w.embedded.tomcat.TomcatWebServer  : Tomcat started on port 8081 (http) with context path ''
2024-02-02T21:24:46.148+05:30  INFO 2344 --- [main] c.h.restapi.ProductRestApiApplication    : Started ProductRestApiApplication in 10.129 seconds (process running for 11.858)
2024-02-02T21:25:49.949+05:30  INFO 2344 --- [http-nio-8081-exec-1] o.a.c.c.C.[Tomcat].[localhost].[/]       : Initializing Spring DispatcherServlet 'dispatcherServlet'
2024-02-02T21:25:49.949+05:30  INFO 2344 --- [http-nio-8081-exec-1] o.s.web.servlet.DispatcherServlet        : Initializing Servlet 'dispatcherServlet'
2024-02-02T21:25:49.957+05:30  INFO 2344 --- [http-nio-8081-exec-1] o.s.web.servlet.DispatcherServlet        : Completed initialization in 8 ms
2024-02-02T21:25:51.007+05:30  INFO 2344 --- [http-nio-8081-exec-3] o.springdoc.api.AbstractOpenApiResource  : Init duration for springdoc-openapi is: 466 ms
2024-02-02T22:37:17.002+05:30  INFO 2344 --- [RMI TCP Connection(82)-127.0.0.1] inMXBeanRegistrar$SpringApplicationAdmin : Application shutdown requested.
2024-02-02T22:37:17.242+05:30  INFO 2344 --- [RMI TCP Connection(82)-127.0.0.1] j.LocalContainerEntityManagerFactoryBean : Closing JPA EntityManagerFactory for persistence unit 'default'
2024-02-02T22:37:17.292+05:30  INFO 2344 --- [RMI TCP Connection(82)-127.0.0.1] com.zaxxer.hikari.HikariDataSource       : HikariPool-1 - Shutdown initiated...
2024-02-02T22:37:17.323+05:30  INFO 2344 --- [RMI TCP Connection(82)-127.0.0.1] com.zaxxer.hikari.HikariDataSource       : HikariPool-1 - Shutdown completed.
2024-02-02T22:37:22.859+05:30  INFO 11488 --- [main] c.h.restapi.ProductRestApiApplication    : Starting ProductRestApiApplication using Java 17.0.9 with PID 11488 (C:\java_hex_FSD\Microservices\product_rest_api\target\classes started by Alian in C:\java_hex_FSD\Microservices\product_rest_api)
2024-02-02T22:37:22.865+05:30  INFO 11488 --- [main] c.h.restapi.ProductRestApiApplication    : No active profile set, falling back to 1 default profile: "default"
2024-02-02T22:37:24.647+05:30  INFO 11488 --- [main] .s.d.r.c.RepositoryConfigurationDelegate : Bootstrapping Spring Data JPA repositories in DEFAULT mode.
2024-02-02T22:37:24.869+05:30  INFO 11488 --- [main] .s.d.r.c.RepositoryConfigurationDelegate : Finished Spring Data repository scanning in 191 ms. Found 1 JPA repository interface.
2024-02-02T22:37:26.527+05:30  INFO 11488 --- [main] o.s.b.w.embedded.tomcat.TomcatWebServer  : Tomcat initialized with port 8081 (http)
2024-02-02T22:37:26.545+05:30  INFO 11488 --- [main] o.apache.catalina.core.StandardService   : Starting service [Tomcat]
2024-02-02T22:37:26.546+05:30  INFO 11488 --- [main] o.apache.catalina.core.StandardEngine    : Starting Servlet engine: [Apache Tomcat/10.1.16]
2024-02-02T22:37:26.683+05:30  INFO 11488 --- [main] o.a.c.c.C.[Tomcat].[localhost].[/]       : Initializing Spring embedded WebApplicationContext
2024-02-02T22:37:26.683+05:30  INFO 11488 --- [main] w.s.c.ServletWebServerApplicationContext : Root WebApplicationContext: initialization completed in 3726 ms
2024-02-02T22:37:26.980+05:30  INFO 11488 --- [main] o.hibernate.jpa.internal.util.LogHelper  : HHH000204: Processing PersistenceUnitInfo [name: default]
2024-02-02T22:37:27.163+05:30  INFO 11488 --- [main] org.hibernate.Version                    : HHH000412: Hibernate ORM core version 6.3.1.Final
2024-02-02T22:37:27.265+05:30  INFO 11488 --- [main] o.h.c.internal.RegionFactoryInitiator    : HHH000026: Second-level cache disabled
2024-02-02T22:37:27.882+05:30  INFO 11488 --- [main] o.s.o.j.p.SpringPersistenceUnitInfo      : No LoadTimeWeaver setup: ignoring JPA class transformer
2024-02-02T22:37:27.952+05:30  INFO 11488 --- [main] com.zaxxer.hikari.HikariDataSource       : HikariPool-1 - Starting...
2024-02-02T22:37:28.599+05:30  INFO 11488 --- [main] com.zaxxer.hikari.pool.HikariPool        : HikariPool-1 - Added connection com.mysql.cj.jdbc.ConnectionImpl@4ec427
2024-02-02T22:37:28.603+05:30  INFO 11488 --- [main] com.zaxxer.hikari.HikariDataSource       : HikariPool-1 - Start completed.
2024-02-02T22:37:28.726+05:30  WARN 11488 --- [main] org.hibernate.orm.deprecation            : HHH90000025: MySQL8Dialect does not need to be specified explicitly using 'hibernate.dialect' (remove the property setting and it will be selected by default)
2024-02-02T22:37:28.729+05:30  WARN 11488 --- [main] org.hibernate.orm.deprecation            : HHH90000026: MySQL8Dialect has been deprecated; use org.hibernate.dialect.MySQLDialect instead
2024-02-02T22:37:31.363+05:30  INFO 11488 --- [main] o.h.e.t.j.p.i.JtaPlatformInitiator       : HHH000489: No JTA platform available (set 'hibernate.transaction.jta.platform' to enable JTA platform integration)
2024-02-02T22:37:31.500+05:30  INFO 11488 --- [main] j.LocalContainerEntityManagerFactoryBean : Initialized JPA EntityManagerFactory for persistence unit 'default'
2024-02-02T22:37:32.512+05:30  WARN 11488 --- [main] JpaBaseConfiguration$JpaWebConfiguration : spring.jpa.open-in-view is enabled by default. Therefore, database queries may be performed during view rendering. Explicitly configure spring.jpa.open-in-view to disable this warning
2024-02-02T22:37:34.269+05:30  INFO 11488 --- [main] o.s.b.w.embedded.tomcat.TomcatWebServer  : Tomcat started on port 8081 (http) with context path ''
2024-02-02T22:37:34.295+05:30  INFO 11488 --- [main] c.h.restapi.ProductRestApiApplication    : Started ProductRestApiApplication in 12.336 seconds (process running for 14.372)
2024-02-02T22:38:22.824+05:30  INFO 11488 --- [http-nio-8081-exec-1] o.a.c.c.C.[Tomcat].[localhost].[/]       : Initializing Spring DispatcherServlet 'dispatcherServlet'
2024-02-02T22:38:22.825+05:30  INFO 11488 --- [http-nio-8081-exec-1] o.s.web.servlet.DispatcherServlet        : Initializing Servlet 'dispatcherServlet'
2024-02-02T22:38:22.828+05:30  INFO 11488 --- [http-nio-8081-exec-1] o.s.web.servlet.DispatcherServlet        : Completed initialization in 2 ms
2024-02-02T22:38:57.780+05:30  INFO 11488 --- [RMI TCP Connection(10)-127.0.0.1] inMXBeanRegistrar$SpringApplicationAdmin : Application shutdown requested.
2024-02-02T22:38:57.849+05:30  INFO 11488 --- [RMI TCP Connection(10)-127.0.0.1] j.LocalContainerEntityManagerFactoryBean : Closing JPA EntityManagerFactory for persistence unit 'default'
2024-02-02T22:38:57.857+05:30  INFO 11488 --- [RMI TCP Connection(10)-127.0.0.1] com.zaxxer.hikari.HikariDataSource       : HikariPool-1 - Shutdown initiated...
2024-02-02T22:38:57.904+05:30  INFO 11488 --- [RMI TCP Connection(10)-127.0.0.1] com.zaxxer.hikari.HikariDataSource       : HikariPool-1 - Shutdown completed.
2024-02-02T22:39:04.108+05:30  INFO 13676 --- [main] c.h.restapi.ProductRestApiApplication    : Starting ProductRestApiApplication using Java 17.0.9 with PID 13676 (C:\java_hex_FSD\Microservices\product_rest_api\target\classes started by Alian in C:\java_hex_FSD\Microservices\product_rest_api)
2024-02-02T22:39:04.112+05:30  INFO 13676 --- [main] c.h.restapi.ProductRestApiApplication    : No active profile set, falling back to 1 default profile: "default"
2024-02-02T22:39:05.859+05:30  INFO 13676 --- [main] .s.d.r.c.RepositoryConfigurationDelegate : Bootstrapping Spring Data JPA repositories in DEFAULT mode.
2024-02-02T22:39:06.002+05:30  INFO 13676 --- [main] .s.d.r.c.RepositoryConfigurationDelegate : Finished Spring Data repository scanning in 123 ms. Found 1 JPA repository interface.
2024-02-02T22:39:07.465+05:30  INFO 13676 --- [main] o.s.b.w.embedded.tomcat.TomcatWebServer  : Tomcat initialized with port 8081 (http)
2024-02-02T22:39:07.482+05:30  INFO 13676 --- [main] o.apache.catalina.core.StandardService   : Starting service [Tomcat]
2024-02-02T22:39:07.482+05:30  INFO 13676 --- [main] o.apache.catalina.core.StandardEngine    : Starting Servlet engine: [Apache Tomcat/10.1.16]
2024-02-02T22:39:07.642+05:30  INFO 13676 --- [main] o.a.c.c.C.[Tomcat].[localhost].[/]       : Initializing Spring embedded WebApplicationContext
2024-02-02T22:39:07.644+05:30  INFO 13676 --- [main] w.s.c.ServletWebServerApplicationContext : Root WebApplicationContext: initialization completed in 3442 ms
2024-02-02T22:39:07.945+05:30  INFO 13676 --- [main] o.hibernate.jpa.internal.util.LogHelper  : HHH000204: Processing PersistenceUnitInfo [name: default]
2024-02-02T22:39:08.178+05:30  INFO 13676 --- [main] org.hibernate.Version                    : HHH000412: Hibernate ORM core version 6.3.1.Final
2024-02-02T22:39:08.353+05:30  INFO 13676 --- [main] o.h.c.internal.RegionFactoryInitiator    : HHH000026: Second-level cache disabled
2024-02-02T22:39:08.853+05:30  INFO 13676 --- [main] o.s.o.j.p.SpringPersistenceUnitInfo      : No LoadTimeWeaver setup: ignoring JPA class transformer
2024-02-02T22:39:08.907+05:30  INFO 13676 --- [main] com.zaxxer.hikari.HikariDataSource       : HikariPool-1 - Starting...
2024-02-02T22:39:09.679+05:30  INFO 13676 --- [main] com.zaxxer.hikari.pool.HikariPool        : HikariPool-1 - Added connection com.mysql.cj.jdbc.ConnectionImpl@4c8d45cf
2024-02-02T22:39:09.688+05:30  INFO 13676 --- [main] com.zaxxer.hikari.HikariDataSource       : HikariPool-1 - Start completed.
2024-02-02T22:39:09.905+05:30  WARN 13676 --- [main] org.hibernate.orm.deprecation            : HHH90000025: MySQL8Dialect does not need to be specified explicitly using 'hibernate.dialect' (remove the property setting and it will be selected by default)
2024-02-02T22:39:09.911+05:30  WARN 13676 --- [main] org.hibernate.orm.deprecation            : HHH90000026: MySQL8Dialect has been deprecated; use org.hibernate.dialect.MySQLDialect instead
2024-02-02T22:39:12.429+05:30  INFO 13676 --- [main] o.h.e.t.j.p.i.JtaPlatformInitiator       : HHH000489: No JTA platform available (set 'hibernate.transaction.jta.platform' to enable JTA platform integration)
2024-02-02T22:39:12.540+05:30  INFO 13676 --- [main] j.LocalContainerEntityManagerFactoryBean : Initialized JPA EntityManagerFactory for persistence unit 'default'
2024-02-02T22:39:13.764+05:30  WARN 13676 --- [main] JpaBaseConfiguration$JpaWebConfiguration : spring.jpa.open-in-view is enabled by default. Therefore, database queries may be performed during view rendering. Explicitly configure spring.jpa.open-in-view to disable this warning
2024-02-02T22:39:16.006+05:30  INFO 13676 --- [main] o.s.b.w.embedded.tomcat.TomcatWebServer  : Tomcat started on port 8081 (http) with context path ''
2024-02-02T22:39:16.051+05:30  INFO 13676 --- [main] c.h.restapi.ProductRestApiApplication    : Started ProductRestApiApplication in 13.401 seconds (process running for 15.512)
2024-02-02T22:48:41.015+05:30  WARN 13676 --- [HikariPool-1 housekeeper] com.zaxxer.hikari.pool.HikariPool        : HikariPool-1 - Thread starvation or clock leap detected (housekeeper delta=1m1s129ms153µs900ns).
2024-02-02T22:51:42.966+05:30  INFO 13676 --- [http-nio-8081-exec-1] o.a.c.c.C.[Tomcat].[localhost].[/]       : Initializing Spring DispatcherServlet 'dispatcherServlet'
2024-02-02T22:51:42.966+05:30  INFO 13676 --- [http-nio-8081-exec-1] o.s.web.servlet.DispatcherServlet        : Initializing Servlet 'dispatcherServlet'
2024-02-02T22:51:42.974+05:30  INFO 13676 --- [http-nio-8081-exec-1] o.s.web.servlet.DispatcherServlet        : Completed initialization in 8 ms
2024-02-02T23:21:53.664+05:30  INFO 13676 --- [RMI TCP Connection(52)-127.0.0.1] inMXBeanRegistrar$SpringApplicationAdmin : Application shutdown requested.
2024-02-02T23:21:53.698+05:30  INFO 13676 --- [RMI TCP Connection(52)-127.0.0.1] j.LocalContainerEntityManagerFactoryBean : Closing JPA EntityManagerFactory for persistence unit 'default'
2024-02-02T23:21:53.702+05:30  INFO 13676 --- [RMI TCP Connection(52)-127.0.0.1] com.zaxxer.hikari.HikariDataSource       : HikariPool-1 - Shutdown initiated...
2024-02-02T23:21:53.712+05:30  INFO 13676 --- [RMI TCP Connection(52)-127.0.0.1] com.zaxxer.hikari.HikariDataSource       : HikariPool-1 - Shutdown completed.
